# JRE version: 7.0_25-b15
# Java VM: Java HotSpot(TM) 64-Bit Server VM (23.25-b01 mixed mode bsd-amd64 compressed oops)
Heap
 PSYoungGen      total 290880K, used 36426K [0x00000007eaab0000, 0x0000000800000000, 0x0000000800000000)
  eden space 289408K, 12% used [0x00000007eaab0000,0x00000007eccda3a8,0x00000007fc550000)
  from space 1472K, 97% used [0x00000007fc550000,0x00000007fc6b85d0,0x00000007fc6c0000)
  to   space 2560K, 0% used [0x00000007ffd80000,0x00000007ffd80000,0x0000000800000000)
 ParOldGen       total 129344K, used 48833K [0x00000007c0000000, 0x00000007c7e50000, 0x00000007eaab0000)
  object space 129344K, 37% used [0x00000007c0000000,0x00000007c2fb0490,0x00000007c7e50000)
 PSPermGen       total 52416K, used 52274K [0x00000007bae00000, 0x00000007be130000, 0x00000007c0000000)
  object space 52416K, 99% used [0x00000007bae00000,0x00000007be10cb90,0x00000007be130000)
GC Heap History (10 events):
Event: 10949.487 GC heap before
{Heap before GC invocations=147 (full 68):
 PSYoungGen      total 290816K, used 92240K [0x00000007eaab0000, 0x00000007fc7c0000, 0x0000000800000000)
  eden space 289856K, 31% used [0x00000007eaab0000,0x00000007f04c4308,0x00000007fc5c0000)
  from space 960K, 0% used [0x00000007fc6d0000,0x00000007fc6d0000,0x00000007fc7c0000)
  to   space 1024K, 0% used [0x00000007fc5c0000,0x00000007fc5c0000,0x00000007fc6c0000)
 ParOldGen       total 129344K, used 45586K [0x00000007c0000000, 0x00000007c7e50000, 0x00000007eaab0000)
  object space 129344K, 35% used [0x00000007c0000000,0x00000007c2c84958,0x00000007c7e50000)
 PSPermGen       total 52288K, used 52092K [0x00000007bae00000, 0x00000007be110000, 0x00000007c0000000)
  object space 52288K, 99% used [0x00000007bae00000,0x00000007be0df2b0,0x00000007be110000)
Event: 10949.490 GC heap after
Heap after GC invocations=147 (full 68):
 PSYoungGen      total 290880K, used 526K [0x00000007eaab0000, 0x00000007fc7c0000, 0x0000000800000000)
  eden space 289856K, 0% used [0x00000007eaab0000,0x00000007eaab0000,0x00000007fc5c0000)
  from space 1024K, 51% used [0x00000007fc5c0000,0x00000007fc643a80,0x00000007fc6c0000)
  to   space 1024K, 0% used [0x00000007fc6c0000,0x00000007fc6c0000,0x00000007fc7c0000)
 ParOldGen       total 129344K, used 45586K [0x00000007c0000000, 0x00000007c7e50000, 0x00000007eaab0000)
  object space 129344K, 35% used [0x00000007c0000000,0x00000007c2c84958,0x00000007c7e50000)
 PSPermGen       total 52288K, used 52092K [0x00000007bae00000, 0x00000007be110000, 0x00000007c0000000)
  object space 52288K, 99% used [0x00000007bae00000,0x00000007be0df2b0,0x00000007be110000)
}
Event: 10949.490 GC heap before
{Heap before GC invocations=148 (full 69):
 PSYoungGen      total 290880K, used 526K [0x00000007eaab0000, 0x00000007fc7c0000, 0x0000000800000000)
  eden space 289856K, 0% used [0x00000007eaab0000,0x00000007eaab0000,0x00000007fc5c0000)
  from space 1024K, 51% used [0x00000007fc5c0000,0x00000007fc643a80,0x00000007fc6c0000)
  to   space 1024K, 0% used [0x00000007fc6c0000,0x00000007fc6c0000,0x00000007fc7c0000)
 ParOldGen       total 129344K, used 45586K [0x00000007c0000000, 0x00000007c7e50000, 0x00000007eaab0000)
  object space 129344K, 35% used [0x00000007c0000000,0x00000007c2c84958,0x00000007c7e50000)
 PSPermGen       total 52288K, used 52092K [0x00000007bae00000, 0x00000007be110000, 0x00000007c0000000)
  object space 52288K, 99% used [0x00000007bae00000,0x00000007be0df2b0,0x00000007be110000)
Event: 10949.643 GC heap after
Heap after GC invocations=148 (full 69):
 PSYoungGen      total 290880K, used 0K [0x00000007eaab0000, 0x00000007fc7c0000, 0x0000000800000000)
  eden space 289856K, 0% used [0x00000007eaab0000,0x00000007eaab0000,0x00000007fc5c0000)
  from space 1024K, 0% used [0x00000007fc5c0000,0x00000007fc5c0000,0x00000007fc6c0000)
  to   space 1024K, 0% used [0x00000007fc6c0000,0x00000007fc6c0000,0x00000007fc7c0000)
 ParOldGen       total 129344K, used 45621K [0x00000007c0000000, 0x00000007c7e50000, 0x00000007eaab0000)
  object space 129344K, 35% used [0x00000007c0000000,0x00000007c2c8d790,0x00000007c7e50000)
 PSPermGen       total 52224K, used 52092K [0x00000007bae00000, 0x00000007be100000, 0x00000007c0000000)
  object space 52224K, 99% used [0x00000007bae00000,0x00000007be0df250,0x00000007be100000)
}
Event: 11020.732 GC heap before
{Heap before GC invocations=149 (full 69):
 PSYoungGen      total 290880K, used 110572K [0x00000007eaab0000, 0x00000007fc7c0000, 0x0000000800000000)
  eden space 289856K, 38% used [0x00000007eaab0000,0x00000007f16ab258,0x00000007fc5c0000)
  from space 1024K, 0% used [0x00000007fc5c0000,0x00000007fc5c0000,0x00000007fc6c0000)
  to   space 1024K, 0% used [0x00000007fc6c0000,0x00000007fc6c0000,0x00000007fc7c0000)
 ParOldGen       total 129344K, used 45621K [0x00000007c0000000, 0x00000007c7e50000, 0x00000007eaab0000)
  object space 129344K, 35% used [0x00000007c0000000,0x00000007c2c8d790,0x00000007c7e50000)
 PSPermGen       total 52224K, used 52105K [0x00000007bae00000, 0x00000007be100000, 0x00000007c0000000)
  object space 52224K, 99% used [0x00000007bae00000,0x00000007be0e2720,0x00000007be100000)
Event: 11020.735 GC heap after
Heap after GC invocations=149 (full 69):
 PSYoungGen      total 290432K, used 1003K [0x00000007eaab0000, 0x00000007fc8a0000, 0x0000000800000000)
  eden space 289408K, 0% used [0x00000007eaab0000,0x00000007eaab0000,0x00000007fc550000)
  from space 1024K, 98% used [0x00000007fc6c0000,0x00000007fc7baee0,0x00000007fc7c0000)
  to   space 1472K, 0% used [0x00000007fc550000,0x00000007fc550000,0x00000007fc6c0000)
 ParOldGen       total 129344K, used 46270K [0x00000007c0000000, 0x00000007c7e50000, 0x00000007eaab0000)
  object space 129344K, 35% used [0x00000007c0000000,0x00000007c2d2f808,0x00000007c7e50000)
 PSPermGen       total 52224K, used 52105K [0x00000007bae00000, 0x00000007be100000, 0x00000007c0000000)
  object space 52224K, 99% used [0x00000007bae00000,0x00000007be0e2720,0x00000007be100000)
}
Event: 11020.735 GC heap before
{Heap before GC invocations=150 (full 70):
 PSYoungGen      total 290432K, used 1003K [0x00000007eaab0000, 0x00000007fc8a0000, 0x0000000800000000)
  eden space 289408K, 0% used [0x00000007eaab0000,0x00000007eaab0000,0x00000007fc550000)
  from space 1024K, 98% used [0x00000007fc6c0000,0x00000007fc7baee0,0x00000007fc7c0000)
  to   space 1472K, 0% used [0x00000007fc550000,0x00000007fc550000,0x00000007fc6c0000)
 ParOldGen       total 129344K, used 46270K [0x00000007c0000000, 0x00000007c7e50000, 0x00000007eaab0000)
  object space 129344K, 35% used [0x00000007c0000000,0x00000007c2d2f808,0x00000007c7e50000)
 PSPermGen       total 52224K, used 52105K [0x00000007bae00000, 0x00000007be100000, 0x00000007c0000000)
  object space 52224K, 99% used [0x00000007bae00000,0x00000007be0e2720,0x00000007be100000)
Event: 11020.898 GC heap after
Heap after GC invocations=150 (full 70):
 PSYoungGen      total 290432K, used 0K [0x00000007eaab0000, 0x00000007fc8a0000, 0x0000000800000000)
  eden space 289408K, 0% used [0x00000007eaab0000,0x00000007eaab0000,0x00000007fc550000)
  from space 1024K, 0% used [0x00000007fc6c0000,0x00000007fc6c0000,0x00000007fc7c0000)
  to   space 1472K, 0% used [0x00000007fc550000,0x00000007fc550000,0x00000007fc6c0000)
 ParOldGen       total 129344K, used 46760K [0x00000007c0000000, 0x00000007c7e50000, 0x00000007eaab0000)
  object space 129344K, 36% used [0x00000007c0000000,0x00000007c2daa380,0x00000007c7e50000)
 PSPermGen       total 52224K, used 52105K [0x00000007bae00000, 0x00000007be100000, 0x00000007c0000000)
  object space 52224K, 99% used [0x00000007bae00000,0x00000007be0e2680,0x00000007be100000)
}
Event: 11078.762 GC heap before
{Heap before GC invocations=151 (full 70):
 PSYoungGen      total 290432K, used 289408K [0x00000007eaab0000, 0x00000007fc8a0000, 0x0000000800000000)
  eden space 289408K, 100% used [0x00000007eaab0000,0x00000007fc550000,0x00000007fc550000)
  from space 1024K, 0% used [0x00000007fc6c0000,0x00000007fc6c0000,0x00000007fc7c0000)
  to   space 1472K, 0% used [0x00000007fc550000,0x00000007fc550000,0x00000007fc6c0000)
 ParOldGen       total 129344K, used 46760K [0x00000007c0000000, 0x00000007c7e50000, 0x00000007eaab0000)
  object space 129344K, 36% used [0x00000007c0000000,0x00000007c2daa380,0x00000007c7e50000)
 PSPermGen       total 52416K, used 52274K [0x00000007bae00000, 0x00000007be130000, 0x00000007c0000000)
  object space 52416K, 99% used [0x00000007bae00000,0x00000007be10ca80,0x00000007be130000)
Event: 11078.767 GC heap after
Heap after GC invocations=151 (full 70):
 PSYoungGen      total 290880K, used 1441K [0x00000007eaab0000, 0x0000000800000000, 0x0000000800000000)
  eden space 289408K, 0% used [0x00000007eaab0000,0x00000007eaab0000,0x00000007fc550000)
  from space 1472K, 97% used [0x00000007fc550000,0x00000007fc6b85d0,0x00000007fc6c0000)
  to   space 2560K, 0% used [0x00000007ffd80000,0x00000007ffd80000,0x0000000800000000)
 ParOldGen       total 129344K, used 48833K [0x00000007c0000000, 0x00000007c7e50000, 0x00000007eaab0000)
  object space 129344K, 37% used [0x00000007c0000000,0x00000007c2fb0490,0x00000007c7e50000)
 PSPermGen       total 52416K, used 52274K [0x00000007bae00000, 0x00000007be130000, 0x00000007c0000000)
  object space 52416K, 99% used [0x00000007bae00000,0x00000007be10ca80,0x00000007be130000)
}

