# JRE version: 7.0_25-b15
# Java VM: Java HotSpot(TM) 64-Bit Server VM (23.25-b01 mixed mode bsd-amd64 compressed oops)
Heap
 PSYoungGen      total 346176K, used 139523K [0x00000007eaab0000, 0x0000000800000000, 0x0000000800000000)
  eden space 344768K, 40% used [0x00000007eaab0000,0x00000007f32f0f78,0x00000007ffb60000)
  from space 1408K, 0% used [0x00000007ffde0000,0x00000007ffde0000,0x00000007fff40000)
  to   space 2368K, 0% used [0x00000007ffb60000,0x00000007ffb60000,0x00000007ffdb0000)
 ParOldGen       total 131648K, used 46883K [0x00000007c0000000, 0x00000007c8090000, 0x00000007eaab0000)
  object space 131648K, 35% used [0x00000007c0000000,0x00000007c2dc8d38,0x00000007c8090000)
 PSPermGen       total 51392K, used 51381K [0x00000007bae00000, 0x00000007be030000, 0x00000007c0000000)
  object space 51392K, 99% used [0x00000007bae00000,0x00000007be02d668,0x00000007be030000)
GC Heap History (10 events):
Event: 12399.488 GC heap before
{Heap before GC invocations=369 (full 179):
 PSYoungGen      total 347392K, used 64K [0x00000007eaab0000, 0x00000007fff80000, 0x0000000800000000)
  eden space 345920K, 0% used [0x00000007eaab0000,0x00000007eaab0000,0x00000007ffc80000)
  from space 1472K, 4% used [0x00000007ffe10000,0x00000007ffe20000,0x00000007fff80000)
  to   space 1536K, 0% used [0x00000007ffc80000,0x00000007ffc80000,0x00000007ffe00000)
 ParOldGen       total 131648K, used 47399K [0x00000007c0000000, 0x00000007c8090000, 0x00000007eaab0000)
  object space 131648K, 36% used [0x00000007c0000000,0x00000007c2e49eb0,0x00000007c8090000)
 PSPermGen       total 51392K, used 51368K [0x00000007bae00000, 0x00000007be030000, 0x00000007c0000000)
  object space 51392K, 99% used [0x00000007bae00000,0x00000007be02a0c8,0x00000007be030000)
Event: 12399.594 GC heap after
Heap after GC invocations=369 (full 179):
 PSYoungGen      total 347392K, used 0K [0x00000007eaab0000, 0x00000007fff80000, 0x0000000800000000)
  eden space 345920K, 0% used [0x00000007eaab0000,0x00000007eaab0000,0x00000007ffc80000)
  from space 1472K, 0% used [0x00000007ffe10000,0x00000007ffe10000,0x00000007fff80000)
  to   space 1536K, 0% used [0x00000007ffc80000,0x00000007ffc80000,0x00000007ffe00000)
 ParOldGen       total 131648K, used 47399K [0x00000007c0000000, 0x00000007c8090000, 0x00000007eaab0000)
  object space 131648K, 36% used [0x00000007c0000000,0x00000007c2e49e08,0x00000007c8090000)
 PSPermGen       total 51392K, used 51368K [0x00000007bae00000, 0x00000007be030000, 0x00000007c0000000)
  object space 51392K, 99% used [0x00000007bae00000,0x00000007be02a0c8,0x00000007be030000)
}
Event: 12459.488 GC heap before
{Heap before GC invocations=370 (full 179):
 PSYoungGen      total 347392K, used 20458K [0x00000007eaab0000, 0x00000007fff80000, 0x0000000800000000)
  eden space 345920K, 5% used [0x00000007eaab0000,0x00000007ebeaa828,0x00000007ffc80000)
  from space 1472K, 0% used [0x00000007ffe10000,0x00000007ffe10000,0x00000007fff80000)
  to   space 1536K, 0% used [0x00000007ffc80000,0x00000007ffc80000,0x00000007ffe00000)
 ParOldGen       total 131648K, used 47399K [0x00000007c0000000, 0x00000007c8090000, 0x00000007eaab0000)
  object space 131648K, 36% used [0x00000007c0000000,0x00000007c2e49e08,0x00000007c8090000)
 PSPermGen       total 51392K, used 51368K [0x00000007bae00000, 0x00000007be030000, 0x00000007c0000000)
  object space 51392K, 99% used [0x00000007bae00000,0x00000007be02a0c8,0x00000007be030000)
Event: 12459.490 GC heap after
Heap after GC invocations=370 (full 179):
 PSYoungGen      total 346048K, used 128K [0x00000007eaab0000, 0x00000007fff40000, 0x0000000800000000)
  eden space 345920K, 0% used [0x00000007eaab0000,0x00000007eaab0000,0x00000007ffc80000)
  from space 128K, 100% used [0x00000007ffc80000,0x00000007ffca0000,0x00000007ffca0000)
  to   space 1408K, 0% used [0x00000007ffde0000,0x00000007ffde0000,0x00000007fff40000)
 ParOldGen       total 131648K, used 47399K [0x00000007c0000000, 0x00000007c8090000, 0x00000007eaab0000)
  object space 131648K, 36% used [0x00000007c0000000,0x00000007c2e49e08,0x00000007c8090000)
 PSPermGen       total 51392K, used 51368K [0x00000007bae00000, 0x00000007be030000, 0x00000007c0000000)
  object space 51392K, 99% used [0x00000007bae00000,0x00000007be02a0c8,0x00000007be030000)
}
Event: 12459.490 GC heap before
{Heap before GC invocations=371 (full 180):
 PSYoungGen      total 346048K, used 128K [0x00000007eaab0000, 0x00000007fff40000, 0x0000000800000000)
  eden space 345920K, 0% used [0x00000007eaab0000,0x00000007eaab0000,0x00000007ffc80000)
  from space 128K, 100% used [0x00000007ffc80000,0x00000007ffca0000,0x00000007ffca0000)
  to   space 1408K, 0% used [0x00000007ffde0000,0x00000007ffde0000,0x00000007fff40000)
 ParOldGen       total 131648K, used 47399K [0x00000007c0000000, 0x00000007c8090000, 0x00000007eaab0000)
  object space 131648K, 36% used [0x00000007c0000000,0x00000007c2e49e08,0x00000007c8090000)
 PSPermGen       total 51392K, used 51368K [0x00000007bae00000, 0x00000007be030000, 0x00000007c0000000)
  object space 51392K, 99% used [0x00000007bae00000,0x00000007be02a0c8,0x00000007be030000)
Event: 12459.607 GC heap after
Heap after GC invocations=371 (full 180):
 PSYoungGen      total 346048K, used 0K [0x00000007eaab0000, 0x00000007fff40000, 0x0000000800000000)
  eden space 345920K, 0% used [0x00000007eaab0000,0x00000007eaab0000,0x00000007ffc80000)
  from space 128K, 0% used [0x00000007ffc80000,0x00000007ffc80000,0x00000007ffca0000)
  to   space 1408K, 0% used [0x00000007ffde0000,0x00000007ffde0000,0x00000007fff40000)
 ParOldGen       total 131648K, used 46773K [0x00000007c0000000, 0x00000007c8090000, 0x00000007eaab0000)
  object space 131648K, 35% used [0x00000007c0000000,0x00000007c2dad460,0x00000007c8090000)
 PSPermGen       total 51392K, used 51363K [0x00000007bae00000, 0x00000007be030000, 0x00000007c0000000)
  object space 51392K, 99% used [0x00000007bae00000,0x00000007be028d28,0x00000007be030000)
}
Event: 12529.229 GC heap before
{Heap before GC invocations=372 (full 180):
 PSYoungGen      total 346048K, used 140446K [0x00000007eaab0000, 0x00000007fff40000, 0x0000000800000000)
  eden space 345920K, 40% used [0x00000007eaab0000,0x00000007f33d79b0,0x00000007ffc80000)
  from space 128K, 0% used [0x00000007ffc80000,0x00000007ffc80000,0x00000007ffca0000)
  to   space 1408K, 0% used [0x00000007ffde0000,0x00000007ffde0000,0x00000007fff40000)
 ParOldGen       total 131648K, used 46773K [0x00000007c0000000, 0x00000007c8090000, 0x00000007eaab0000)
  object space 131648K, 35% used [0x00000007c0000000,0x00000007c2dad460,0x00000007c8090000)
 PSPermGen       total 51392K, used 51376K [0x00000007bae00000, 0x00000007be030000, 0x00000007c0000000)
  object space 51392K, 99% used [0x00000007bae00000,0x00000007be02c148,0x00000007be030000)
Event: 12529.233 GC heap after
Heap after GC invocations=372 (full 180):
 PSYoungGen      total 346176K, used 1376K [0x00000007eaab0000, 0x0000000800000000, 0x0000000800000000)
  eden space 344768K, 0% used [0x00000007eaab0000,0x00000007eaab0000,0x00000007ffb60000)
  from space 1408K, 97% used [0x00000007ffde0000,0x00000007fff38020,0x00000007fff40000)
  to   space 2368K, 0% used [0x00000007ffb60000,0x00000007ffb60000,0x00000007ffdb0000)
 ParOldGen       total 131648K, used 48499K [0x00000007c0000000, 0x00000007c8090000, 0x00000007eaab0000)
  object space 131648K, 36% used [0x00000007c0000000,0x00000007c2f5cd38,0x00000007c8090000)
 PSPermGen       total 51392K, used 51376K [0x00000007bae00000, 0x00000007be030000, 0x00000007c0000000)
  object space 51392K, 99% used [0x00000007bae00000,0x00000007be02c148,0x00000007be030000)
}
Event: 12529.233 GC heap before
{Heap before GC invocations=373 (full 181):
 PSYoungGen      total 346176K, used 1376K [0x00000007eaab0000, 0x0000000800000000, 0x0000000800000000)
  eden space 344768K, 0% used [0x00000007eaab0000,0x00000007eaab0000,0x00000007ffb60000)
  from space 1408K, 97% used [0x00000007ffde0000,0x00000007fff38020,0x00000007fff40000)
  to   space 2368K, 0% used [0x00000007ffb60000,0x00000007ffb60000,0x00000007ffdb0000)
 ParOldGen       total 131648K, used 48499K [0x00000007c0000000, 0x00000007c8090000, 0x00000007eaab0000)
  object space 131648K, 36% used [0x00000007c0000000,0x00000007c2f5cd38,0x00000007c8090000)
 PSPermGen       total 51392K, used 51376K [0x00000007bae00000, 0x00000007be030000, 0x00000007c0000000)
  object space 51392K, 99% used [0x00000007bae00000,0x00000007be02c148,0x00000007be030000)
Event: 12529.384 GC heap after
Heap after GC invocations=373 (full 181):
 PSYoungGen      total 346176K, used 0K [0x00000007eaab0000, 0x0000000800000000, 0x0000000800000000)
  eden space 344768K, 0% used [0x00000007eaab0000,0x00000007eaab0000,0x00000007ffb60000)
  from space 1408K, 0% used [0x00000007ffde0000,0x00000007ffde0000,0x00000007fff40000)
  to   space 2368K, 0% used [0x00000007ffb60000,0x00000007ffb60000,0x00000007ffdb0000)
 ParOldGen       total 131648K, used 46883K [0x00000007c0000000, 0x00000007c8090000, 0x00000007eaab0000)
  object space 131648K, 35% used [0x00000007c0000000,0x00000007c2dc8d38,0x00000007c8090000)
 PSPermGen       total 51392K, used 51376K [0x00000007bae00000, 0x00000007be030000, 0x00000007c0000000)
  object space 51392K, 99% used [0x00000007bae00000,0x00000007be02c108,0x00000007be030000)
}

