# JRE version: 7.0_25-b15
# Java VM: Java HotSpot(TM) 64-Bit Server VM (23.25-b01 mixed mode bsd-amd64 compressed oops)
Heap
 PSYoungGen      total 298880K, used 32616K [0x00000007eaab0000, 0x00000007fd590000, 0x0000000800000000)
  eden space 291712K, 11% used [0x00000007eaab0000,0x00000007eca8a258,0x00000007fc790000)
  from space 7168K, 0% used [0x00000007fc790000,0x00000007fc790000,0x00000007fce90000)
  to   space 7168K, 0% used [0x00000007fce90000,0x00000007fce90000,0x00000007fd590000)
 ParOldGen       total 114240K, used 45381K [0x00000007c0000000, 0x00000007c6f90000, 0x00000007eaab0000)
  object space 114240K, 39% used [0x00000007c0000000,0x00000007c2c515b0,0x00000007c6f90000)
 PSPermGen       total 48576K, used 48116K [0x00000007bae00000, 0x00000007bdd70000, 0x00000007c0000000)
  object space 48576K, 99% used [0x00000007bae00000,0x00000007bdcfd0b0,0x00000007bdd70000)
GC Heap History (10 events):
Event: 2100.750 GC heap before
{Heap before GC invocations=80 (full 35):
 PSYoungGen      total 291968K, used 195K [0x00000007eaab0000, 0x00000007fd650000, 0x0000000800000000)
  eden space 291712K, 0% used [0x00000007eaab0000,0x00000007eaab0000,0x00000007fc790000)
  from space 256K, 76% used [0x00000007fc790000,0x00000007fc7c0d80,0x00000007fc7d0000)
  to   space 7552K, 0% used [0x00000007fcef0000,0x00000007fcef0000,0x00000007fd650000)
 ParOldGen       total 114240K, used 45721K [0x00000007c0000000, 0x00000007c6f90000, 0x00000007eaab0000)
  object space 114240K, 40% used [0x00000007c0000000,0x00000007c2ca6638,0x00000007c6f90000)
 PSPermGen       total 48768K, used 48105K [0x00000007bae00000, 0x00000007bdda0000, 0x00000007c0000000)
  object space 48768K, 98% used [0x00000007bae00000,0x00000007bdcfa530,0x00000007bdda0000)
Event: 2100.855 GC heap after
Heap after GC invocations=80 (full 35):
 PSYoungGen      total 291968K, used 0K [0x00000007eaab0000, 0x00000007fd650000, 0x0000000800000000)
  eden space 291712K, 0% used [0x00000007eaab0000,0x00000007eaab0000,0x00000007fc790000)
  from space 256K, 0% used [0x00000007fc790000,0x00000007fc790000,0x00000007fc7d0000)
  to   space 7552K, 0% used [0x00000007fcef0000,0x00000007fcef0000,0x00000007fd650000)
 ParOldGen       total 114240K, used 45684K [0x00000007c0000000, 0x00000007c6f90000, 0x00000007eaab0000)
  object space 114240K, 39% used [0x00000007c0000000,0x00000007c2c9d208,0x00000007c6f90000)
 PSPermGen       total 48704K, used 48105K [0x00000007bae00000, 0x00000007bdd90000, 0x00000007c0000000)
  object space 48704K, 98% used [0x00000007bae00000,0x00000007bdcfa510,0x00000007bdd90000)
}
Event: 2167.270 GC heap before
{Heap before GC invocations=81 (full 35):
 PSYoungGen      total 291968K, used 40120K [0x00000007eaab0000, 0x00000007fd650000, 0x0000000800000000)
  eden space 291712K, 13% used [0x00000007eaab0000,0x00000007ed1de358,0x00000007fc790000)
  from space 256K, 0% used [0x00000007fc790000,0x00000007fc790000,0x00000007fc7d0000)
  to   space 7552K, 0% used [0x00000007fcef0000,0x00000007fcef0000,0x00000007fd650000)
 ParOldGen       total 114240K, used 45684K [0x00000007c0000000, 0x00000007c6f90000, 0x00000007eaab0000)
  object space 114240K, 39% used [0x00000007c0000000,0x00000007c2c9d208,0x00000007c6f90000)
 PSPermGen       total 48704K, used 48108K [0x00000007bae00000, 0x00000007bdd90000, 0x00000007c0000000)
  object space 48704K, 98% used [0x00000007bae00000,0x00000007bdcfb328,0x00000007bdd90000)
Event: 2167.273 GC heap after
Heap after GC invocations=81 (full 35):
 PSYoungGen      total 298496K, used 128K [0x00000007eaab0000, 0x00000007fd590000, 0x0000000800000000)
  eden space 291712K, 0% used [0x00000007eaab0000,0x00000007eaab0000,0x00000007fc790000)
  from space 6784K, 1% used [0x00000007fcef0000,0x00000007fcf10000,0x00000007fd590000)
  to   space 7168K, 0% used [0x00000007fc790000,0x00000007fc790000,0x00000007fce90000)
 ParOldGen       total 114240K, used 45684K [0x00000007c0000000, 0x00000007c6f90000, 0x00000007eaab0000)
  object space 114240K, 39% used [0x00000007c0000000,0x00000007c2c9d208,0x00000007c6f90000)
 PSPermGen       total 48704K, used 48108K [0x00000007bae00000, 0x00000007bdd90000, 0x00000007c0000000)
  object space 48704K, 98% used [0x00000007bae00000,0x00000007bdcfb328,0x00000007bdd90000)
}
Event: 2167.273 GC heap before
{Heap before GC invocations=82 (full 36):
 PSYoungGen      total 298496K, used 128K [0x00000007eaab0000, 0x00000007fd590000, 0x0000000800000000)
  eden space 291712K, 0% used [0x00000007eaab0000,0x00000007eaab0000,0x00000007fc790000)
  from space 6784K, 1% used [0x00000007fcef0000,0x00000007fcf10000,0x00000007fd590000)
  to   space 7168K, 0% used [0x00000007fc790000,0x00000007fc790000,0x00000007fce90000)
 ParOldGen       total 114240K, used 45684K [0x00000007c0000000, 0x00000007c6f90000, 0x00000007eaab0000)
  object space 114240K, 39% used [0x00000007c0000000,0x00000007c2c9d208,0x00000007c6f90000)
 PSPermGen       total 48704K, used 48108K [0x00000007bae00000, 0x00000007bdd90000, 0x00000007c0000000)
  object space 48704K, 98% used [0x00000007bae00000,0x00000007bdcfb328,0x00000007bdd90000)
Event: 2167.379 GC heap after
Heap after GC invocations=82 (full 36):
 PSYoungGen      total 298496K, used 0K [0x00000007eaab0000, 0x00000007fd590000, 0x0000000800000000)
  eden space 291712K, 0% used [0x00000007eaab0000,0x00000007eaab0000,0x00000007fc790000)
  from space 6784K, 0% used [0x00000007fcef0000,0x00000007fcef0000,0x00000007fd590000)
  to   space 7168K, 0% used [0x00000007fc790000,0x00000007fc790000,0x00000007fce90000)
 ParOldGen       total 114240K, used 45689K [0x00000007c0000000, 0x00000007c6f90000, 0x00000007eaab0000)
  object space 114240K, 39% used [0x00000007c0000000,0x00000007c2c9e7e0,0x00000007c6f90000)
 PSPermGen       total 48640K, used 48108K [0x00000007bae00000, 0x00000007bdd80000, 0x00000007c0000000)
  object space 48640K, 98% used [0x00000007bae00000,0x00000007bdcfb1a8,0x00000007bdd80000)
}
Event: 2227.269 GC heap before
{Heap before GC invocations=83 (full 36):
 PSYoungGen      total 298496K, used 104277K [0x00000007eaab0000, 0x00000007fd590000, 0x0000000800000000)
  eden space 291712K, 35% used [0x00000007eaab0000,0x00000007f10854b0,0x00000007fc790000)
  from space 6784K, 0% used [0x00000007fcef0000,0x00000007fcef0000,0x00000007fd590000)
  to   space 7168K, 0% used [0x00000007fc790000,0x00000007fc790000,0x00000007fce90000)
 ParOldGen       total 114240K, used 45689K [0x00000007c0000000, 0x00000007c6f90000, 0x00000007eaab0000)
  object space 114240K, 39% used [0x00000007c0000000,0x00000007c2c9e7e0,0x00000007c6f90000)
 PSPermGen       total 48640K, used 48113K [0x00000007bae00000, 0x00000007bdd80000, 0x00000007c0000000)
  object space 48640K, 98% used [0x00000007bae00000,0x00000007bdcfc708,0x00000007bdd80000)
Event: 2227.274 GC heap after
Heap after GC invocations=83 (full 36):
 PSYoungGen      total 298880K, used 2748K [0x00000007eaab0000, 0x00000007fd590000, 0x0000000800000000)
  eden space 291712K, 0% used [0x00000007eaab0000,0x00000007eaab0000,0x00000007fc790000)
  from space 7168K, 38% used [0x00000007fc790000,0x00000007fca3f280,0x00000007fce90000)
  to   space 7168K, 0% used [0x00000007fce90000,0x00000007fce90000,0x00000007fd590000)
 ParOldGen       total 114240K, used 45689K [0x00000007c0000000, 0x00000007c6f90000, 0x00000007eaab0000)
  object space 114240K, 39% used [0x00000007c0000000,0x00000007c2c9e7e0,0x00000007c6f90000)
 PSPermGen       total 48640K, used 48113K [0x00000007bae00000, 0x00000007bdd80000, 0x00000007c0000000)
  object space 48640K, 98% used [0x00000007bae00000,0x00000007bdcfc708,0x00000007bdd80000)
}
Event: 2227.274 GC heap before
{Heap before GC invocations=84 (full 37):
 PSYoungGen      total 298880K, used 2748K [0x00000007eaab0000, 0x00000007fd590000, 0x0000000800000000)
  eden space 291712K, 0% used [0x00000007eaab0000,0x00000007eaab0000,0x00000007fc790000)
  from space 7168K, 38% used [0x00000007fc790000,0x00000007fca3f280,0x00000007fce90000)
  to   space 7168K, 0% used [0x00000007fce90000,0x00000007fce90000,0x00000007fd590000)
 ParOldGen       total 114240K, used 45689K [0x00000007c0000000, 0x00000007c6f90000, 0x00000007eaab0000)
  object space 114240K, 39% used [0x00000007c0000000,0x00000007c2c9e7e0,0x00000007c6f90000)
 PSPermGen       total 48640K, used 48113K [0x00000007bae00000, 0x00000007bdd80000, 0x00000007c0000000)
  object space 48640K, 98% used [0x00000007bae00000,0x00000007bdcfc708,0x00000007bdd80000)
Event: 2227.466 GC heap after
Heap after GC invocations=84 (full 37):
 PSYoungGen      total 298880K, used 0K [0x00000007eaab0000, 0x00000007fd590000, 0x0000000800000000)
  eden space 291712K, 0% used [0x00000007eaab0000,0x00000007eaab0000,0x00000007fc790000)
  from space 7168K, 0% used [0x00000007fc790000,0x00000007fc790000,0x00000007fce90000)
  to   space 7168K, 0% used [0x00000007fce90000,0x00000007fce90000,0x00000007fd590000)
 ParOldGen       total 114240K, used 45381K [0x00000007c0000000, 0x00000007c6f90000, 0x00000007eaab0000)
  object space 114240K, 39% used [0x00000007c0000000,0x00000007c2c515b0,0x00000007c6f90000)
 PSPermGen       total 48576K, used 48113K [0x00000007bae00000, 0x00000007bdd70000, 0x00000007c0000000)
  object space 48576K, 99% used [0x00000007bae00000,0x00000007bdcfc6a8,0x00000007bdd70000)
}

