# JRE version: 7.0_25-b15
# Java VM: Java HotSpot(TM) 64-Bit Server VM (23.25-b01 mixed mode bsd-amd64 compressed oops)
Heap
 PSYoungGen      total 290560K, used 29706K [0x00000007eaab0000, 0x00000007ffa30000, 0x0000000800000000)
  eden space 290432K, 10% used [0x00000007eaab0000,0x00000007ec7b2848,0x00000007fc650000)
  from space 128K, 0% used [0x00000007fc650000,0x00000007fc650000,0x00000007fc670000)
  to   space 26560K, 0% used [0x00000007fe040000,0x00000007fe040000,0x00000007ffa30000)
 ParOldGen       total 133568K, used 54356K [0x00000007c0000000, 0x00000007c8270000, 0x00000007eaab0000)
  object space 133568K, 40% used [0x00000007c0000000,0x00000007c35152c0,0x00000007c8270000)
 PSPermGen       total 73856K, used 51396K [0x00000007bae00000, 0x00000007bf620000, 0x00000007c0000000)
  object space 73856K, 69% used [0x00000007bae00000,0x00000007be031168,0x00000007bf620000)
GC Heap History (10 events):
Event: 533.557 GC heap before
{Heap before GC invocations=28 (full 9):
 PSYoungGen      total 290624K, used 192K [0x00000007eaab0000, 0x00000007ffd90000, 0x0000000800000000)
  eden space 290432K, 0% used [0x00000007eaab0000,0x00000007eaab0000,0x00000007fc650000)
  from space 192K, 100% used [0x00000007fc650000,0x00000007fc680000,0x00000007fc680000)
  to   space 28288K, 0% used [0x00000007fe1f0000,0x00000007fe1f0000,0x00000007ffd90000)
 ParOldGen       total 133568K, used 54779K [0x00000007c0000000, 0x00000007c8270000, 0x00000007eaab0000)
  object space 133568K, 41% used [0x00000007c0000000,0x00000007c357ec68,0x00000007c8270000)
 PSPermGen       total 83968K, used 51384K [0x00000007bae00000, 0x00000007c0000000, 0x00000007c0000000)
  object space 83968K, 61% used [0x00000007bae00000,0x00000007be02e048,0x00000007c0000000)
Event: 533.716 GC heap after
Heap after GC invocations=28 (full 9):
 PSYoungGen      total 290624K, used 0K [0x00000007eaab0000, 0x00000007ffd90000, 0x0000000800000000)
  eden space 290432K, 0% used [0x00000007eaab0000,0x00000007eaab0000,0x00000007fc650000)
  from space 192K, 0% used [0x00000007fc650000,0x00000007fc650000,0x00000007fc680000)
  to   space 28288K, 0% used [0x00000007fe1f0000,0x00000007fe1f0000,0x00000007ffd90000)
 ParOldGen       total 133568K, used 54801K [0x00000007c0000000, 0x00000007c8270000, 0x00000007eaab0000)
  object space 133568K, 41% used [0x00000007c0000000,0x00000007c3584540,0x00000007c8270000)
 PSPermGen       total 81856K, used 51383K [0x00000007bae00000, 0x00000007bfdf0000, 0x00000007c0000000)
  object space 81856K, 62% used [0x00000007bae00000,0x00000007be02de28,0x00000007bfdf0000)
}
Event: 593.555 GC heap before
{Heap before GC invocations=29 (full 9):
 PSYoungGen      total 290624K, used 13224K [0x00000007eaab0000, 0x00000007ffd90000, 0x0000000800000000)
  eden space 290432K, 4% used [0x00000007eaab0000,0x00000007eb79a328,0x00000007fc650000)
  from space 192K, 0% used [0x00000007fc650000,0x00000007fc650000,0x00000007fc680000)
  to   space 28288K, 0% used [0x00000007fe1f0000,0x00000007fe1f0000,0x00000007ffd90000)
 ParOldGen       total 133568K, used 54801K [0x00000007c0000000, 0x00000007c8270000, 0x00000007eaab0000)
  object space 133568K, 41% used [0x00000007c0000000,0x00000007c3584540,0x00000007c8270000)
 PSPermGen       total 81856K, used 51384K [0x00000007bae00000, 0x00000007bfdf0000, 0x00000007c0000000)
  object space 81856K, 62% used [0x00000007bae00000,0x00000007be02e1a0,0x00000007bfdf0000)
Event: 593.557 GC heap after
Heap after GC invocations=29 (full 9):
 PSYoungGen      total 317056K, used 96K [0x00000007eaab0000, 0x00000007ffbf0000, 0x0000000800000000)
  eden space 290432K, 0% used [0x00000007eaab0000,0x00000007eaab0000,0x00000007fc650000)
  from space 26624K, 0% used [0x00000007fe1f0000,0x00000007fe208000,0x00000007ffbf0000)
  to   space 27456K, 0% used [0x00000007fc650000,0x00000007fc650000,0x00000007fe120000)
 ParOldGen       total 133568K, used 54801K [0x00000007c0000000, 0x00000007c8270000, 0x00000007eaab0000)
  object space 133568K, 41% used [0x00000007c0000000,0x00000007c3584540,0x00000007c8270000)
 PSPermGen       total 81856K, used 51384K [0x00000007bae00000, 0x00000007bfdf0000, 0x00000007c0000000)
  object space 81856K, 62% used [0x00000007bae00000,0x00000007be02e1a0,0x00000007bfdf0000)
}
Event: 593.557 GC heap before
{Heap before GC invocations=30 (full 10):
 PSYoungGen      total 317056K, used 96K [0x00000007eaab0000, 0x00000007ffbf0000, 0x0000000800000000)
  eden space 290432K, 0% used [0x00000007eaab0000,0x00000007eaab0000,0x00000007fc650000)
  from space 26624K, 0% used [0x00000007fe1f0000,0x00000007fe208000,0x00000007ffbf0000)
  to   space 27456K, 0% used [0x00000007fc650000,0x00000007fc650000,0x00000007fe120000)
 ParOldGen       total 133568K, used 54801K [0x00000007c0000000, 0x00000007c8270000, 0x00000007eaab0000)
  object space 133568K, 41% used [0x00000007c0000000,0x00000007c3584540,0x00000007c8270000)
 PSPermGen       total 81856K, used 51384K [0x00000007bae00000, 0x00000007bfdf0000, 0x00000007c0000000)
  object space 81856K, 62% used [0x00000007bae00000,0x00000007be02e1a0,0x00000007bfdf0000)
Event: 593.678 GC heap after
Heap after GC invocations=30 (full 10):
 PSYoungGen      total 317056K, used 0K [0x00000007eaab0000, 0x00000007ffbf0000, 0x0000000800000000)
  eden space 290432K, 0% used [0x00000007eaab0000,0x00000007eaab0000,0x00000007fc650000)
  from space 26624K, 0% used [0x00000007fe1f0000,0x00000007fe1f0000,0x00000007ffbf0000)
  to   space 27456K, 0% used [0x00000007fc650000,0x00000007fc650000,0x00000007fe120000)
 ParOldGen       total 133568K, used 54784K [0x00000007c0000000, 0x00000007c8270000, 0x00000007eaab0000)
  object space 133568K, 41% used [0x00000007c0000000,0x00000007c35800f8,0x00000007c8270000)
 PSPermGen       total 77632K, used 51384K [0x00000007bae00000, 0x00000007bf9d0000, 0x00000007c0000000)
  object space 77632K, 66% used [0x00000007bae00000,0x00000007be02e1a0,0x00000007bf9d0000)
}
Event: 653.555 GC heap before
{Heap before GC invocations=31 (full 10):
 PSYoungGen      total 317056K, used 15769K [0x00000007eaab0000, 0x00000007ffbf0000, 0x0000000800000000)
  eden space 290432K, 5% used [0x00000007eaab0000,0x00000007eba16760,0x00000007fc650000)
  from space 26624K, 0% used [0x00000007fe1f0000,0x00000007fe1f0000,0x00000007ffbf0000)
  to   space 27456K, 0% used [0x00000007fc650000,0x00000007fc650000,0x00000007fe120000)
 ParOldGen       total 133568K, used 54784K [0x00000007c0000000, 0x00000007c8270000, 0x00000007eaab0000)
  object space 133568K, 41% used [0x00000007c0000000,0x00000007c35800f8,0x00000007c8270000)
 PSPermGen       total 77632K, used 51386K [0x00000007bae00000, 0x00000007bf9d0000, 0x00000007c0000000)
  object space 77632K, 66% used [0x00000007bae00000,0x00000007be02ea08,0x00000007bf9d0000)
Event: 653.557 GC heap after
Heap after GC invocations=31 (full 10):
 PSYoungGen      total 290560K, used 96K [0x00000007eaab0000, 0x00000007ffa30000, 0x0000000800000000)
  eden space 290432K, 0% used [0x00000007eaab0000,0x00000007eaab0000,0x00000007fc650000)
  from space 128K, 75% used [0x00000007fc650000,0x00000007fc668000,0x00000007fc670000)
  to   space 26560K, 0% used [0x00000007fe040000,0x00000007fe040000,0x00000007ffa30000)
 ParOldGen       total 133568K, used 54784K [0x00000007c0000000, 0x00000007c8270000, 0x00000007eaab0000)
  object space 133568K, 41% used [0x00000007c0000000,0x00000007c35800f8,0x00000007c8270000)
 PSPermGen       total 77632K, used 51386K [0x00000007bae00000, 0x00000007bf9d0000, 0x00000007c0000000)
  object space 77632K, 66% used [0x00000007bae00000,0x00000007be02ea08,0x00000007bf9d0000)
}
Event: 653.557 GC heap before
{Heap before GC invocations=32 (full 11):
 PSYoungGen      total 290560K, used 96K [0x00000007eaab0000, 0x00000007ffa30000, 0x0000000800000000)
  eden space 290432K, 0% used [0x00000007eaab0000,0x00000007eaab0000,0x00000007fc650000)
  from space 128K, 75% used [0x00000007fc650000,0x00000007fc668000,0x00000007fc670000)
  to   space 26560K, 0% used [0x00000007fe040000,0x00000007fe040000,0x00000007ffa30000)
 ParOldGen       total 133568K, used 54784K [0x00000007c0000000, 0x00000007c8270000, 0x00000007eaab0000)
  object space 133568K, 41% used [0x00000007c0000000,0x00000007c35800f8,0x00000007c8270000)
 PSPermGen       total 77632K, used 51386K [0x00000007bae00000, 0x00000007bf9d0000, 0x00000007c0000000)
  object space 77632K, 66% used [0x00000007bae00000,0x00000007be02ea08,0x00000007bf9d0000)
Event: 653.692 GC heap after
Heap after GC invocations=32 (full 11):
 PSYoungGen      total 290560K, used 0K [0x00000007eaab0000, 0x00000007ffa30000, 0x0000000800000000)
  eden space 290432K, 0% used [0x00000007eaab0000,0x00000007eaab0000,0x00000007fc650000)
  from space 128K, 0% used [0x00000007fc650000,0x00000007fc650000,0x00000007fc670000)
  to   space 26560K, 0% used [0x00000007fe040000,0x00000007fe040000,0x00000007ffa30000)
 ParOldGen       total 133568K, used 54356K [0x00000007c0000000, 0x00000007c8270000, 0x00000007eaab0000)
  object space 133568K, 40% used [0x00000007c0000000,0x00000007c35152c0,0x00000007c8270000)
 PSPermGen       total 73856K, used 51386K [0x00000007bae00000, 0x00000007bf620000, 0x00000007c0000000)
  object space 73856K, 69% used [0x00000007bae00000,0x00000007be02ea08,0x00000007bf620000)
}

