# JRE version: 7.0_25-b15
# Java VM: Java HotSpot(TM) 64-Bit Server VM (23.25-b01 mixed mode bsd-amd64 compressed oops)
Heap
 PSYoungGen      total 345728K, used 130199K [0x00000007eaab0000, 0x0000000800000000, 0x0000000800000000)
  eden space 342976K, 37% used [0x00000007eaab0000,0x00000007f29d5c48,0x00000007ff9a0000)
  from space 2752K, 0% used [0x00000007ff9a0000,0x00000007ff9a0000,0x00000007ffc50000)
  to   space 3776K, 0% used [0x00000007ffc50000,0x00000007ffc50000,0x0000000800000000)
 ParOldGen       total 133504K, used 45252K [0x00000007c0000000, 0x00000007c8260000, 0x00000007eaab0000)
  object space 133504K, 33% used [0x00000007c0000000,0x00000007c2c31110,0x00000007c8260000)
 PSPermGen       total 51776K, used 51603K [0x00000007bae00000, 0x00000007be090000, 0x00000007c0000000)
  object space 51776K, 99% used [0x00000007bae00000,0x00000007be064cd8,0x00000007be090000)
GC Heap History (10 events):
Event: 3154.188 GC heap before
{Heap before GC invocations=115 (full 52):
 PSYoungGen      total 290752K, used 289344K [0x00000007eaab0000, 0x00000007fc840000, 0x0000000800000000)
  eden space 289344K, 100% used [0x00000007eaab0000,0x00000007fc540000,0x00000007fc540000)
  from space 1408K, 0% used [0x00000007fc6e0000,0x00000007fc6e0000,0x00000007fc840000)
  to   space 1536K, 0% used [0x00000007fc540000,0x00000007fc540000,0x00000007fc6c0000)
 ParOldGen       total 133504K, used 44632K [0x00000007c0000000, 0x00000007c8260000, 0x00000007eaab0000)
  object space 133504K, 33% used [0x00000007c0000000,0x00000007c2b96308,0x00000007c8260000)
 PSPermGen       total 51648K, used 51526K [0x00000007bae00000, 0x00000007be070000, 0x00000007c0000000)
  object space 51648K, 99% used [0x00000007bae00000,0x00000007be051af8,0x00000007be070000)
Event: 3154.192 GC heap after
Heap after GC invocations=115 (full 52):
 PSYoungGen      total 290880K, used 1514K [0x00000007eaab0000, 0x0000000800000000, 0x0000000800000000)
  eden space 289344K, 0% used [0x00000007eaab0000,0x00000007eaab0000,0x00000007fc540000)
  from space 1536K, 98% used [0x00000007fc540000,0x00000007fc6ba968,0x00000007fc6c0000)
  to   space 2496K, 0% used [0x00000007ffd90000,0x00000007ffd90000,0x0000000800000000)
 ParOldGen       total 133504K, used 46221K [0x00000007c0000000, 0x00000007c8260000, 0x00000007eaab0000)
  object space 133504K, 34% used [0x00000007c0000000,0x00000007c2d23440,0x00000007c8260000)
 PSPermGen       total 51648K, used 51526K [0x00000007bae00000, 0x00000007be070000, 0x00000007c0000000)
  object space 51648K, 99% used [0x00000007bae00000,0x00000007be051af8,0x00000007be070000)
}
Event: 3179.749 GC heap before
{Heap before GC invocations=116 (full 52):
 PSYoungGen      total 290880K, used 225582K [0x00000007eaab0000, 0x0000000800000000, 0x0000000800000000)
  eden space 289344K, 77% used [0x00000007eaab0000,0x00000007f8581210,0x00000007fc540000)
  from space 1536K, 98% used [0x00000007fc540000,0x00000007fc6ba968,0x00000007fc6c0000)
  to   space 2496K, 0% used [0x00000007ffd90000,0x00000007ffd90000,0x0000000800000000)
 ParOldGen       total 133504K, used 46221K [0x00000007c0000000, 0x00000007c8260000, 0x00000007eaab0000)
  object space 133504K, 34% used [0x00000007c0000000,0x00000007c2d23440,0x00000007c8260000)
 PSPermGen       total 51648K, used 51542K [0x00000007bae00000, 0x00000007be070000, 0x00000007c0000000)
  object space 51648K, 99% used [0x00000007bae00000,0x00000007be055a30,0x00000007be070000)
Event: 3179.753 GC heap after
Heap after GC invocations=116 (full 52):
 PSYoungGen      total 345472K, used 2464K [0x00000007eaab0000, 0x0000000800000000, 0x0000000800000000)
  eden space 342976K, 0% used [0x00000007eaab0000,0x00000007eaab0000,0x00000007ff9a0000)
  from space 2496K, 98% used [0x00000007ffd90000,0x00000007ffff8338,0x0000000800000000)
  to   space 3264K, 0% used [0x00000007ff9a0000,0x00000007ff9a0000,0x00000007ffcd0000)
 ParOldGen       total 133504K, used 46929K [0x00000007c0000000, 0x00000007c8260000, 0x00000007eaab0000)
  object space 133504K, 35% used [0x00000007c0000000,0x00000007c2dd4490,0x00000007c8260000)
 PSPermGen       total 51648K, used 51542K [0x00000007bae00000, 0x00000007be070000, 0x00000007c0000000)
  object space 51648K, 99% used [0x00000007bae00000,0x00000007be055a30,0x00000007be070000)
}
Event: 3179.753 GC heap before
{Heap before GC invocations=117 (full 53):
 PSYoungGen      total 345472K, used 2464K [0x00000007eaab0000, 0x0000000800000000, 0x0000000800000000)
  eden space 342976K, 0% used [0x00000007eaab0000,0x00000007eaab0000,0x00000007ff9a0000)
  from space 2496K, 98% used [0x00000007ffd90000,0x00000007ffff8338,0x0000000800000000)
  to   space 3264K, 0% used [0x00000007ff9a0000,0x00000007ff9a0000,0x00000007ffcd0000)
 ParOldGen       total 133504K, used 46929K [0x00000007c0000000, 0x00000007c8260000, 0x00000007eaab0000)
  object space 133504K, 35% used [0x00000007c0000000,0x00000007c2dd4490,0x00000007c8260000)
 PSPermGen       total 51648K, used 51542K [0x00000007bae00000, 0x00000007be070000, 0x00000007c0000000)
  object space 51648K, 99% used [0x00000007bae00000,0x00000007be055a30,0x00000007be070000)
Event: 3179.884 GC heap after
Heap after GC invocations=117 (full 53):
 PSYoungGen      total 345472K, used 0K [0x00000007eaab0000, 0x0000000800000000, 0x0000000800000000)
  eden space 342976K, 0% used [0x00000007eaab0000,0x00000007eaab0000,0x00000007ff9a0000)
  from space 2496K, 0% used [0x00000007ffd90000,0x00000007ffd90000,0x0000000800000000)
  to   space 3264K, 0% used [0x00000007ff9a0000,0x00000007ff9a0000,0x00000007ffcd0000)
 ParOldGen       total 133504K, used 44989K [0x00000007c0000000, 0x00000007c8260000, 0x00000007eaab0000)
  object space 133504K, 33% used [0x00000007c0000000,0x00000007c2bef7e0,0x00000007c8260000)
 PSPermGen       total 51712K, used 51540K [0x00000007bae00000, 0x00000007be080000, 0x00000007c0000000)
  object space 51712K, 99% used [0x00000007bae00000,0x00000007be0553f0,0x00000007be080000)
}
Event: 3239.750 GC heap before
{Heap before GC invocations=118 (full 53):
 PSYoungGen      total 345472K, used 206853K [0x00000007eaab0000, 0x0000000800000000, 0x0000000800000000)
  eden space 342976K, 60% used [0x00000007eaab0000,0x00000007f74b1550,0x00000007ff9a0000)
  from space 2496K, 0% used [0x00000007ffd90000,0x00000007ffd90000,0x0000000800000000)
  to   space 3264K, 0% used [0x00000007ff9a0000,0x00000007ff9a0000,0x00000007ffcd0000)
 ParOldGen       total 133504K, used 44989K [0x00000007c0000000, 0x00000007c8260000, 0x00000007eaab0000)
  object space 133504K, 33% used [0x00000007c0000000,0x00000007c2bef7e0,0x00000007c8260000)
 PSPermGen       total 51712K, used 51590K [0x00000007bae00000, 0x00000007be080000, 0x00000007c0000000)
  object space 51712K, 99% used [0x00000007bae00000,0x00000007be061b20,0x00000007be080000)
Event: 3239.754 GC heap after
Heap after GC invocations=118 (full 53):
 PSYoungGen      total 345728K, used 2727K [0x00000007eaab0000, 0x0000000800000000, 0x0000000800000000)
  eden space 342976K, 0% used [0x00000007eaab0000,0x00000007eaab0000,0x00000007ff9a0000)
  from space 2752K, 99% used [0x00000007ff9a0000,0x00000007ffc49ee8,0x00000007ffc50000)
  to   space 3776K, 0% used [0x00000007ffc50000,0x00000007ffc50000,0x0000000800000000)
 ParOldGen       total 133504K, used 44989K [0x00000007c0000000, 0x00000007c8260000, 0x00000007eaab0000)
  object space 133504K, 33% used [0x00000007c0000000,0x00000007c2bef7e0,0x00000007c8260000)
 PSPermGen       total 51712K, used 51590K [0x00000007bae00000, 0x00000007be080000, 0x00000007c0000000)
  object space 51712K, 99% used [0x00000007bae00000,0x00000007be061b20,0x00000007be080000)
}
Event: 3239.754 GC heap before
{Heap before GC invocations=119 (full 54):
 PSYoungGen      total 345728K, used 2727K [0x00000007eaab0000, 0x0000000800000000, 0x0000000800000000)
  eden space 342976K, 0% used [0x00000007eaab0000,0x00000007eaab0000,0x00000007ff9a0000)
  from space 2752K, 99% used [0x00000007ff9a0000,0x00000007ffc49ee8,0x00000007ffc50000)
  to   space 3776K, 0% used [0x00000007ffc50000,0x00000007ffc50000,0x0000000800000000)
 ParOldGen       total 133504K, used 44989K [0x00000007c0000000, 0x00000007c8260000, 0x00000007eaab0000)
  object space 133504K, 33% used [0x00000007c0000000,0x00000007c2bef7e0,0x00000007c8260000)
 PSPermGen       total 51712K, used 51590K [0x00000007bae00000, 0x00000007be080000, 0x00000007c0000000)
  object space 51712K, 99% used [0x00000007bae00000,0x00000007be061b20,0x00000007be080000)
Event: 3239.875 GC heap after
Heap after GC invocations=119 (full 54):
 PSYoungGen      total 345728K, used 0K [0x00000007eaab0000, 0x0000000800000000, 0x0000000800000000)
  eden space 342976K, 0% used [0x00000007eaab0000,0x00000007eaab0000,0x00000007ff9a0000)
  from space 2752K, 0% used [0x00000007ff9a0000,0x00000007ff9a0000,0x00000007ffc50000)
  to   space 3776K, 0% used [0x00000007ffc50000,0x00000007ffc50000,0x0000000800000000)
 ParOldGen       total 133504K, used 45252K [0x00000007c0000000, 0x00000007c8260000, 0x00000007eaab0000)
  object space 133504K, 33% used [0x00000007c0000000,0x00000007c2c31110,0x00000007c8260000)
 PSPermGen       total 51776K, used 51590K [0x00000007bae00000, 0x00000007be090000, 0x00000007c0000000)
  object space 51776K, 99% used [0x00000007bae00000,0x00000007be061b20,0x00000007be090000)
}

