# JRE version: 7.0_25-b15
# Java VM: Java HotSpot(TM) 64-Bit Server VM (23.25-b01 mixed mode bsd-amd64 compressed oops)
Heap
 PSYoungGen      total 318016K, used 20258K [0x00000007eaab0000, 0x0000000800000000, 0x0000000800000000)
  eden space 287168K, 7% used [0x00000007eaab0000,0x00000007ebe788a8,0x00000007fc320000)
  from space 30848K, 0% used [0x00000007fe1e0000,0x00000007fe1e0000,0x0000000800000000)
  to   space 31168K, 0% used [0x00000007fc320000,0x00000007fc320000,0x00000007fe190000)
 ParOldGen       total 127488K, used 52695K [0x00000007c0000000, 0x00000007c7c80000, 0x00000007eaab0000)
  object space 127488K, 41% used [0x00000007c0000000,0x00000007c3375dc0,0x00000007c7c80000)
 PSPermGen       total 83968K, used 50092K [0x00000007bae00000, 0x00000007c0000000, 0x00000007c0000000)
  object space 83968K, 59% used [0x00000007bae00000,0x00000007bdeeb0b0,0x00000007c0000000)
GC Heap History (10 events):
Event: 65.462 GC heap before
{Heap before GC invocations=14 (full 2):
 PSYoungGen      total 318912K, used 3952K [0x00000007eaab0000, 0x0000000800000000, 0x0000000800000000)
  eden space 289344K, 0% used [0x00000007eaab0000,0x00000007eaab0000,0x00000007fc540000)
  from space 29568K, 13% used [0x00000007fe2b0000,0x00000007fe68c140,0x00000007fff90000)
  to   space 30080K, 0% used [0x00000007fc540000,0x00000007fc540000,0x00000007fe2a0000)
 ParOldGen       total 127488K, used 64013K [0x00000007c0000000, 0x00000007c7c80000, 0x00000007eaab0000)
  object space 127488K, 50% used [0x00000007c0000000,0x00000007c3e834a0,0x00000007c7c80000)
 PSPermGen       total 83968K, used 49900K [0x00000007bae00000, 0x00000007c0000000, 0x00000007c0000000)
  object space 83968K, 59% used [0x00000007bae00000,0x00000007bdebb1b8,0x00000007c0000000)
Event: 65.605 GC heap after
Heap after GC invocations=14 (full 2):
 PSYoungGen      total 318912K, used 0K [0x00000007eaab0000, 0x0000000800000000, 0x0000000800000000)
  eden space 289344K, 0% used [0x00000007eaab0000,0x00000007eaab0000,0x00000007fc540000)
  from space 29568K, 0% used [0x00000007fe2b0000,0x00000007fe2b0000,0x00000007fff90000)
  to   space 30080K, 0% used [0x00000007fc540000,0x00000007fc540000,0x00000007fe2a0000)
 ParOldGen       total 127488K, used 52896K [0x00000007c0000000, 0x00000007c7c80000, 0x00000007eaab0000)
  object space 127488K, 41% used [0x00000007c0000000,0x00000007c33a82b8,0x00000007c7c80000)
 PSPermGen       total 83968K, used 49899K [0x00000007bae00000, 0x00000007c0000000, 0x00000007c0000000)
  object space 83968K, 59% used [0x00000007bae00000,0x00000007bdebae18,0x00000007c0000000)
}
Event: 125.456 GC heap before
{Heap before GC invocations=15 (full 2):
 PSYoungGen      total 318912K, used 29587K [0x00000007eaab0000, 0x0000000800000000, 0x0000000800000000)
  eden space 289344K, 10% used [0x00000007eaab0000,0x00000007ec794e40,0x00000007fc540000)
  from space 29568K, 0% used [0x00000007fe2b0000,0x00000007fe2b0000,0x00000007fff90000)
  to   space 30080K, 0% used [0x00000007fc540000,0x00000007fc540000,0x00000007fe2a0000)
 ParOldGen       total 127488K, used 52896K [0x00000007c0000000, 0x00000007c7c80000, 0x00000007eaab0000)
  object space 127488K, 41% used [0x00000007c0000000,0x00000007c33a82b8,0x00000007c7c80000)
 PSPermGen       total 83968K, used 49966K [0x00000007bae00000, 0x00000007c0000000, 0x00000007c0000000)
  object space 83968K, 59% used [0x00000007bae00000,0x00000007bdecb8f0,0x00000007c0000000)
Event: 125.459 GC heap after
Heap after GC invocations=15 (full 2):
 PSYoungGen      total 289536K, used 192K [0x00000007eaab0000, 0x0000000800000000, 0x0000000800000000)
  eden space 289344K, 0% used [0x00000007eaab0000,0x00000007eaab0000,0x00000007fc540000)
  from space 192K, 100% used [0x00000007fc540000,0x00000007fc570000,0x00000007fc570000)
  to   space 30848K, 0% used [0x00000007fe1e0000,0x00000007fe1e0000,0x0000000800000000)
 ParOldGen       total 127488K, used 52896K [0x00000007c0000000, 0x00000007c7c80000, 0x00000007eaab0000)
  object space 127488K, 41% used [0x00000007c0000000,0x00000007c33a82b8,0x00000007c7c80000)
 PSPermGen       total 83968K, used 49966K [0x00000007bae00000, 0x00000007c0000000, 0x00000007c0000000)
  object space 83968K, 59% used [0x00000007bae00000,0x00000007bdecb8f0,0x00000007c0000000)
}
Event: 125.459 GC heap before
{Heap before GC invocations=16 (full 3):
 PSYoungGen      total 289536K, used 192K [0x00000007eaab0000, 0x0000000800000000, 0x0000000800000000)
  eden space 289344K, 0% used [0x00000007eaab0000,0x00000007eaab0000,0x00000007fc540000)
  from space 192K, 100% used [0x00000007fc540000,0x00000007fc570000,0x00000007fc570000)
  to   space 30848K, 0% used [0x00000007fe1e0000,0x00000007fe1e0000,0x0000000800000000)
 ParOldGen       total 127488K, used 52896K [0x00000007c0000000, 0x00000007c7c80000, 0x00000007eaab0000)
  object space 127488K, 41% used [0x00000007c0000000,0x00000007c33a82b8,0x00000007c7c80000)
 PSPermGen       total 83968K, used 49966K [0x00000007bae00000, 0x00000007c0000000, 0x00000007c0000000)
  object space 83968K, 59% used [0x00000007bae00000,0x00000007bdecb8f0,0x00000007c0000000)
Event: 125.614 GC heap after
Heap after GC invocations=16 (full 3):
 PSYoungGen      total 289536K, used 0K [0x00000007eaab0000, 0x0000000800000000, 0x0000000800000000)
  eden space 289344K, 0% used [0x00000007eaab0000,0x00000007eaab0000,0x00000007fc540000)
  from space 192K, 0% used [0x00000007fc540000,0x00000007fc540000,0x00000007fc570000)
  to   space 30848K, 0% used [0x00000007fe1e0000,0x00000007fe1e0000,0x0000000800000000)
 ParOldGen       total 127488K, used 52622K [0x00000007c0000000, 0x00000007c7c80000, 0x00000007eaab0000)
  object space 127488K, 41% used [0x00000007c0000000,0x00000007c3363940,0x00000007c7c80000)
 PSPermGen       total 83968K, used 49966K [0x00000007bae00000, 0x00000007c0000000, 0x00000007c0000000)
  object space 83968K, 59% used [0x00000007bae00000,0x00000007bdecb850,0x00000007c0000000)
}
Event: 185.456 GC heap before
{Heap before GC invocations=17 (full 3):
 PSYoungGen      total 289536K, used 18379K [0x00000007eaab0000, 0x0000000800000000, 0x0000000800000000)
  eden space 289344K, 6% used [0x00000007eaab0000,0x00000007ebca2e40,0x00000007fc540000)
  from space 192K, 0% used [0x00000007fc540000,0x00000007fc540000,0x00000007fc570000)
  to   space 30848K, 0% used [0x00000007fe1e0000,0x00000007fe1e0000,0x0000000800000000)
 ParOldGen       total 127488K, used 52622K [0x00000007c0000000, 0x00000007c7c80000, 0x00000007eaab0000)
  object space 127488K, 41% used [0x00000007c0000000,0x00000007c3363940,0x00000007c7c80000)
 PSPermGen       total 83968K, used 50081K [0x00000007bae00000, 0x00000007c0000000, 0x00000007c0000000)
  object space 83968K, 59% used [0x00000007bae00000,0x00000007bdee8570,0x00000007c0000000)
Event: 185.459 GC heap after
Heap after GC invocations=17 (full 3):
 PSYoungGen      total 318016K, used 192K [0x00000007eaab0000, 0x0000000800000000, 0x0000000800000000)
  eden space 287168K, 0% used [0x00000007eaab0000,0x00000007eaab0000,0x00000007fc320000)
  from space 30848K, 0% used [0x00000007fe1e0000,0x00000007fe210000,0x0000000800000000)
  to   space 31168K, 0% used [0x00000007fc320000,0x00000007fc320000,0x00000007fe190000)
 ParOldGen       total 127488K, used 52622K [0x00000007c0000000, 0x00000007c7c80000, 0x00000007eaab0000)
  object space 127488K, 41% used [0x00000007c0000000,0x00000007c3363940,0x00000007c7c80000)
 PSPermGen       total 83968K, used 50081K [0x00000007bae00000, 0x00000007c0000000, 0x00000007c0000000)
  object space 83968K, 59% used [0x00000007bae00000,0x00000007bdee8570,0x00000007c0000000)
}
Event: 185.459 GC heap before
{Heap before GC invocations=18 (full 4):
 PSYoungGen      total 318016K, used 192K [0x00000007eaab0000, 0x0000000800000000, 0x0000000800000000)
  eden space 287168K, 0% used [0x00000007eaab0000,0x00000007eaab0000,0x00000007fc320000)
  from space 30848K, 0% used [0x00000007fe1e0000,0x00000007fe210000,0x0000000800000000)
  to   space 31168K, 0% used [0x00000007fc320000,0x00000007fc320000,0x00000007fe190000)
 ParOldGen       total 127488K, used 52622K [0x00000007c0000000, 0x00000007c7c80000, 0x00000007eaab0000)
  object space 127488K, 41% used [0x00000007c0000000,0x00000007c3363940,0x00000007c7c80000)
 PSPermGen       total 83968K, used 50081K [0x00000007bae00000, 0x00000007c0000000, 0x00000007c0000000)
  object space 83968K, 59% used [0x00000007bae00000,0x00000007bdee8570,0x00000007c0000000)
Event: 185.624 GC heap after
Heap after GC invocations=18 (full 4):
 PSYoungGen      total 318016K, used 0K [0x00000007eaab0000, 0x0000000800000000, 0x0000000800000000)
  eden space 287168K, 0% used [0x00000007eaab0000,0x00000007eaab0000,0x00000007fc320000)
  from space 30848K, 0% used [0x00000007fe1e0000,0x00000007fe1e0000,0x0000000800000000)
  to   space 31168K, 0% used [0x00000007fc320000,0x00000007fc320000,0x00000007fe190000)
 ParOldGen       total 127488K, used 52695K [0x00000007c0000000, 0x00000007c7c80000, 0x00000007eaab0000)
  object space 127488K, 41% used [0x00000007c0000000,0x00000007c3375dc0,0x00000007c7c80000)
 PSPermGen       total 83968K, used 50081K [0x00000007bae00000, 0x00000007c0000000, 0x00000007c0000000)
  object space 83968K, 59% used [0x00000007bae00000,0x00000007bdee84b0,0x00000007c0000000)
}

