# JRE version: 7.0_25-b15
# Java VM: Java HotSpot(TM) 64-Bit Server VM (23.25-b01 mixed mode bsd-amd64 compressed oops)
Heap
 PSYoungGen      total 290368K, used 41271K [0x00000007eaab0000, 0x00000007ffdf0000, 0x0000000800000000)
  eden space 289536K, 14% used [0x00000007eaab0000,0x00000007ed2fdc00,0x00000007fc570000)
  from space 832K, 0% used [0x00000007fc570000,0x00000007fc570000,0x00000007fc640000)
  to   space 28928K, 0% used [0x00000007fe1b0000,0x00000007fe1b0000,0x00000007ffdf0000)
 ParOldGen       total 87424K, used 54754K [0x00000007c0000000, 0x00000007c5560000, 0x00000007eaab0000)
  object space 87424K, 62% used [0x00000007c0000000,0x00000007c3578b50,0x00000007c5560000)
 PSPermGen       total 83968K, used 51806K [0x00000007bae00000, 0x00000007c0000000, 0x00000007c0000000)
  object space 83968K, 61% used [0x00000007bae00000,0x00000007be097a40,0x00000007c0000000)
GC Heap History (10 events):
Event: 358.514 GC heap before
{Heap before GC invocations=20 (full 5):
 PSYoungGen      total 318976K, used 4438K [0x00000007eaab0000, 0x00000007fff90000, 0x0000000800000000)
  eden space 288640K, 0% used [0x00000007eaab0000,0x00000007eaab0000,0x00000007fc490000)
  from space 30336K, 14% used [0x00000007fc490000,0x00000007fc8e5ab8,0x00000007fe230000)
  to   space 29760K, 0% used [0x00000007fe280000,0x00000007fe280000,0x00000007fff90000)
 ParOldGen       total 87424K, used 53719K [0x00000007c0000000, 0x00000007c5560000, 0x00000007eaab0000)
  object space 87424K, 61% used [0x00000007c0000000,0x00000007c3475d70,0x00000007c5560000)
 PSPermGen       total 83968K, used 51200K [0x00000007bae00000, 0x00000007c0000000, 0x00000007c0000000)
  object space 83968K, 60% used [0x00000007bae00000,0x00000007be0002c8,0x00000007c0000000)
Event: 358.655 GC heap after
Heap after GC invocations=20 (full 5):
 PSYoungGen      total 318976K, used 0K [0x00000007eaab0000, 0x00000007fff90000, 0x0000000800000000)
  eden space 288640K, 0% used [0x00000007eaab0000,0x00000007eaab0000,0x00000007fc490000)
  from space 30336K, 0% used [0x00000007fc490000,0x00000007fc490000,0x00000007fe230000)
  to   space 29760K, 0% used [0x00000007fe280000,0x00000007fe280000,0x00000007fff90000)
 ParOldGen       total 87424K, used 55072K [0x00000007c0000000, 0x00000007c5560000, 0x00000007eaab0000)
  object space 87424K, 62% used [0x00000007c0000000,0x00000007c35c8378,0x00000007c5560000)
 PSPermGen       total 83968K, used 51199K [0x00000007bae00000, 0x00000007c0000000, 0x00000007c0000000)
  object space 83968K, 60% used [0x00000007bae00000,0x00000007bdfffd90,0x00000007c0000000)
}
Event: 429.443 GC heap before
{Heap before GC invocations=21 (full 5):
 PSYoungGen      total 318976K, used 193138K [0x00000007eaab0000, 0x00000007fff90000, 0x0000000800000000)
  eden space 288640K, 66% used [0x00000007eaab0000,0x00000007f674ca00,0x00000007fc490000)
  from space 30336K, 0% used [0x00000007fc490000,0x00000007fc490000,0x00000007fe230000)
  to   space 29760K, 0% used [0x00000007fe280000,0x00000007fe280000,0x00000007fff90000)
 ParOldGen       total 87424K, used 55072K [0x00000007c0000000, 0x00000007c5560000, 0x00000007eaab0000)
  object space 87424K, 62% used [0x00000007c0000000,0x00000007c35c8378,0x00000007c5560000)
 PSPermGen       total 83968K, used 51491K [0x00000007bae00000, 0x00000007c0000000, 0x00000007c0000000)
  object space 83968K, 61% used [0x00000007bae00000,0x00000007be048fa0,0x00000007c0000000)
Event: 429.448 GC heap after
Heap after GC invocations=21 (full 5):
 PSYoungGen      total 318272K, used 2908K [0x00000007eaab0000, 0x00000007ffe90000, 0x0000000800000000)
  eden space 289536K, 0% used [0x00000007eaab0000,0x00000007eaab0000,0x00000007fc570000)
  from space 28736K, 10% used [0x00000007fe280000,0x00000007fe5570a0,0x00000007ffe90000)
  to   space 29248K, 0% used [0x00000007fc570000,0x00000007fc570000,0x00000007fe200000)
 ParOldGen       total 87424K, used 55072K [0x00000007c0000000, 0x00000007c5560000, 0x00000007eaab0000)
  object space 87424K, 62% used [0x00000007c0000000,0x00000007c35c8378,0x00000007c5560000)
 PSPermGen       total 83968K, used 51491K [0x00000007bae00000, 0x00000007c0000000, 0x00000007c0000000)
  object space 83968K, 61% used [0x00000007bae00000,0x00000007be048fa0,0x00000007c0000000)
}
Event: 429.448 GC heap before
{Heap before GC invocations=22 (full 6):
 PSYoungGen      total 318272K, used 2908K [0x00000007eaab0000, 0x00000007ffe90000, 0x0000000800000000)
  eden space 289536K, 0% used [0x00000007eaab0000,0x00000007eaab0000,0x00000007fc570000)
  from space 28736K, 10% used [0x00000007fe280000,0x00000007fe5570a0,0x00000007ffe90000)
  to   space 29248K, 0% used [0x00000007fc570000,0x00000007fc570000,0x00000007fe200000)
 ParOldGen       total 87424K, used 55072K [0x00000007c0000000, 0x00000007c5560000, 0x00000007eaab0000)
  object space 87424K, 62% used [0x00000007c0000000,0x00000007c35c8378,0x00000007c5560000)
 PSPermGen       total 83968K, used 51491K [0x00000007bae00000, 0x00000007c0000000, 0x00000007c0000000)
  object space 83968K, 61% used [0x00000007bae00000,0x00000007be048fa0,0x00000007c0000000)
Event: 429.608 GC heap after
Heap after GC invocations=22 (full 6):
 PSYoungGen      total 318272K, used 0K [0x00000007eaab0000, 0x00000007ffe90000, 0x0000000800000000)
  eden space 289536K, 0% used [0x00000007eaab0000,0x00000007eaab0000,0x00000007fc570000)
  from space 28736K, 0% used [0x00000007fe280000,0x00000007fe280000,0x00000007ffe90000)
  to   space 29248K, 0% used [0x00000007fc570000,0x00000007fc570000,0x00000007fe200000)
 ParOldGen       total 87424K, used 54470K [0x00000007c0000000, 0x00000007c5560000, 0x00000007eaab0000)
  object space 87424K, 62% used [0x00000007c0000000,0x00000007c3531ad8,0x00000007c5560000)
 PSPermGen       total 83968K, used 51489K [0x00000007bae00000, 0x00000007c0000000, 0x00000007c0000000)
  object space 83968K, 61% used [0x00000007bae00000,0x00000007be0484e0,0x00000007c0000000)
}
Event: 496.491 GC heap before
{Heap before GC invocations=23 (full 6):
 PSYoungGen      total 318272K, used 76513K [0x00000007eaab0000, 0x00000007ffe90000, 0x0000000800000000)
  eden space 289536K, 26% used [0x00000007eaab0000,0x00000007ef5685b8,0x00000007fc570000)
  from space 28736K, 0% used [0x00000007fe280000,0x00000007fe280000,0x00000007ffe90000)
  to   space 29248K, 0% used [0x00000007fc570000,0x00000007fc570000,0x00000007fe200000)
 ParOldGen       total 87424K, used 54470K [0x00000007c0000000, 0x00000007c5560000, 0x00000007eaab0000)
  object space 87424K, 62% used [0x00000007c0000000,0x00000007c3531ad8,0x00000007c5560000)
 PSPermGen       total 83968K, used 51796K [0x00000007bae00000, 0x00000007c0000000, 0x00000007c0000000)
  object space 83968K, 61% used [0x00000007bae00000,0x00000007be095330,0x00000007c0000000)
Event: 496.494 GC heap after
Heap after GC invocations=23 (full 6):
 PSYoungGen      total 290368K, used 779K [0x00000007eaab0000, 0x00000007ffdf0000, 0x0000000800000000)
  eden space 289536K, 0% used [0x00000007eaab0000,0x00000007eaab0000,0x00000007fc570000)
  from space 832K, 93% used [0x00000007fc570000,0x00000007fc632f98,0x00000007fc640000)
  to   space 28928K, 0% used [0x00000007fe1b0000,0x00000007fe1b0000,0x00000007ffdf0000)
 ParOldGen       total 87424K, used 54470K [0x00000007c0000000, 0x00000007c5560000, 0x00000007eaab0000)
  object space 87424K, 62% used [0x00000007c0000000,0x00000007c3531ad8,0x00000007c5560000)
 PSPermGen       total 83968K, used 51796K [0x00000007bae00000, 0x00000007c0000000, 0x00000007c0000000)
  object space 83968K, 61% used [0x00000007bae00000,0x00000007be095330,0x00000007c0000000)
}
Event: 496.494 GC heap before
{Heap before GC invocations=24 (full 7):
 PSYoungGen      total 290368K, used 779K [0x00000007eaab0000, 0x00000007ffdf0000, 0x0000000800000000)
  eden space 289536K, 0% used [0x00000007eaab0000,0x00000007eaab0000,0x00000007fc570000)
  from space 832K, 93% used [0x00000007fc570000,0x00000007fc632f98,0x00000007fc640000)
  to   space 28928K, 0% used [0x00000007fe1b0000,0x00000007fe1b0000,0x00000007ffdf0000)
 ParOldGen       total 87424K, used 54470K [0x00000007c0000000, 0x00000007c5560000, 0x00000007eaab0000)
  object space 87424K, 62% used [0x00000007c0000000,0x00000007c3531ad8,0x00000007c5560000)
 PSPermGen       total 83968K, used 51796K [0x00000007bae00000, 0x00000007c0000000, 0x00000007c0000000)
  object space 83968K, 61% used [0x00000007bae00000,0x00000007be095330,0x00000007c0000000)
Event: 496.637 GC heap after
Heap after GC invocations=24 (full 7):
 PSYoungGen      total 290368K, used 0K [0x00000007eaab0000, 0x00000007ffdf0000, 0x0000000800000000)
  eden space 289536K, 0% used [0x00000007eaab0000,0x00000007eaab0000,0x00000007fc570000)
  from space 832K, 0% used [0x00000007fc570000,0x00000007fc570000,0x00000007fc640000)
  to   space 28928K, 0% used [0x00000007fe1b0000,0x00000007fe1b0000,0x00000007ffdf0000)
 ParOldGen       total 87424K, used 54754K [0x00000007c0000000, 0x00000007c5560000, 0x00000007eaab0000)
  object space 87424K, 62% used [0x00000007c0000000,0x00000007c3578b50,0x00000007c5560000)
 PSPermGen       total 83968K, used 51796K [0x00000007bae00000, 0x00000007c0000000, 0x00000007c0000000)
  object space 83968K, 61% used [0x00000007bae00000,0x00000007be095190,0x00000007c0000000)
}

