# JRE version: 7.0_25-b15
# Java VM: Java HotSpot(TM) 64-Bit Server VM (23.25-b01 mixed mode bsd-amd64 compressed oops)
Heap
 PSYoungGen      total 294208K, used 64722K [0x00000007eaab0000, 0x00000007fd920000, 0x0000000800000000)
  eden space 291648K, 22% used [0x00000007eaab0000,0x00000007ee9e4918,0x00000007fc780000)
  from space 2560K, 0% used [0x00000007fc780000,0x00000007fc780000,0x00000007fca00000)
  to   space 9024K, 0% used [0x00000007fd050000,0x00000007fd050000,0x00000007fd920000)
 ParOldGen       total 131968K, used 46076K [0x00000007c0000000, 0x00000007c80e0000, 0x00000007eaab0000)
  object space 131968K, 34% used [0x00000007c0000000,0x00000007c2cff360,0x00000007c80e0000)
 PSPermGen       total 53184K, used 51940K [0x00000007bae00000, 0x00000007be1f0000, 0x00000007c0000000)
  object space 53184K, 97% used [0x00000007bae00000,0x00000007be0b9120,0x00000007be1f0000)
GC Heap History (10 events):
Event: 1588.247 GC heap before
{Heap before GC invocations=64 (full 27):
 PSYoungGen      total 291904K, used 224K [0x00000007eaab0000, 0x00000007fdb20000, 0x0000000800000000)
  eden space 291648K, 0% used [0x00000007eaab0000,0x00000007eaab0000,0x00000007fc780000)
  from space 256K, 87% used [0x00000007fc780000,0x00000007fc7b8000,0x00000007fc7c0000)
  to   space 10048K, 0% used [0x00000007fd150000,0x00000007fd150000,0x00000007fdb20000)
 ParOldGen       total 131968K, used 45979K [0x00000007c0000000, 0x00000007c80e0000, 0x00000007eaab0000)
  object space 131968K, 34% used [0x00000007c0000000,0x00000007c2ce6f08,0x00000007c80e0000)
 PSPermGen       total 53824K, used 51869K [0x00000007bae00000, 0x00000007be290000, 0x00000007c0000000)
  object space 53824K, 96% used [0x00000007bae00000,0x00000007be0a76b8,0x00000007be290000)
Event: 1588.411 GC heap after
Heap after GC invocations=64 (full 27):
 PSYoungGen      total 291904K, used 0K [0x00000007eaab0000, 0x00000007fdb20000, 0x0000000800000000)
  eden space 291648K, 0% used [0x00000007eaab0000,0x00000007eaab0000,0x00000007fc780000)
  from space 256K, 0% used [0x00000007fc780000,0x00000007fc780000,0x00000007fc7c0000)
  to   space 10048K, 0% used [0x00000007fd150000,0x00000007fd150000,0x00000007fdb20000)
 ParOldGen       total 131968K, used 45911K [0x00000007c0000000, 0x00000007c80e0000, 0x00000007eaab0000)
  object space 131968K, 34% used [0x00000007c0000000,0x00000007c2cd5fe0,0x00000007c80e0000)
 PSPermGen       total 53312K, used 51869K [0x00000007bae00000, 0x00000007be210000, 0x00000007c0000000)
  object space 53312K, 97% used [0x00000007bae00000,0x00000007be0a7598,0x00000007be210000)
}
Event: 1654.525 GC heap before
{Heap before GC invocations=65 (full 27):
 PSYoungGen      total 291904K, used 32749K [0x00000007eaab0000, 0x00000007fdb20000, 0x0000000800000000)
  eden space 291648K, 11% used [0x00000007eaab0000,0x00000007ecaab550,0x00000007fc780000)
  from space 256K, 0% used [0x00000007fc780000,0x00000007fc780000,0x00000007fc7c0000)
  to   space 10048K, 0% used [0x00000007fd150000,0x00000007fd150000,0x00000007fdb20000)
 ParOldGen       total 131968K, used 45911K [0x00000007c0000000, 0x00000007c80e0000, 0x00000007eaab0000)
  object space 131968K, 34% used [0x00000007c0000000,0x00000007c2cd5fe0,0x00000007c80e0000)
 PSPermGen       total 53312K, used 51872K [0x00000007bae00000, 0x00000007be210000, 0x00000007c0000000)
  object space 53312K, 97% used [0x00000007bae00000,0x00000007be0a81c8,0x00000007be210000)
Event: 1654.527 GC heap after
Heap after GC invocations=65 (full 27):
 PSYoungGen      total 300416K, used 192K [0x00000007eaab0000, 0x00000007fd9e0000, 0x0000000800000000)
  eden space 291648K, 0% used [0x00000007eaab0000,0x00000007eaab0000,0x00000007fc780000)
  from space 8768K, 2% used [0x00000007fd150000,0x00000007fd180000,0x00000007fd9e0000)
  to   space 9408K, 0% used [0x00000007fc780000,0x00000007fc780000,0x00000007fd0b0000)
 ParOldGen       total 131968K, used 45911K [0x00000007c0000000, 0x00000007c80e0000, 0x00000007eaab0000)
  object space 131968K, 34% used [0x00000007c0000000,0x00000007c2cd5fe0,0x00000007c80e0000)
 PSPermGen       total 53312K, used 51872K [0x00000007bae00000, 0x00000007be210000, 0x00000007c0000000)
  object space 53312K, 97% used [0x00000007bae00000,0x00000007be0a81c8,0x00000007be210000)
}
Event: 1654.527 GC heap before
{Heap before GC invocations=66 (full 28):
 PSYoungGen      total 300416K, used 192K [0x00000007eaab0000, 0x00000007fd9e0000, 0x0000000800000000)
  eden space 291648K, 0% used [0x00000007eaab0000,0x00000007eaab0000,0x00000007fc780000)
  from space 8768K, 2% used [0x00000007fd150000,0x00000007fd180000,0x00000007fd9e0000)
  to   space 9408K, 0% used [0x00000007fc780000,0x00000007fc780000,0x00000007fd0b0000)
 ParOldGen       total 131968K, used 45911K [0x00000007c0000000, 0x00000007c80e0000, 0x00000007eaab0000)
  object space 131968K, 34% used [0x00000007c0000000,0x00000007c2cd5fe0,0x00000007c80e0000)
 PSPermGen       total 53312K, used 51872K [0x00000007bae00000, 0x00000007be210000, 0x00000007c0000000)
  object space 53312K, 97% used [0x00000007bae00000,0x00000007be0a81c8,0x00000007be210000)
Event: 1654.635 GC heap after
Heap after GC invocations=66 (full 28):
 PSYoungGen      total 300416K, used 0K [0x00000007eaab0000, 0x00000007fd9e0000, 0x0000000800000000)
  eden space 291648K, 0% used [0x00000007eaab0000,0x00000007eaab0000,0x00000007fc780000)
  from space 8768K, 0% used [0x00000007fd150000,0x00000007fd150000,0x00000007fd9e0000)
  to   space 9408K, 0% used [0x00000007fc780000,0x00000007fc780000,0x00000007fd0b0000)
 ParOldGen       total 131968K, used 45923K [0x00000007c0000000, 0x00000007c80e0000, 0x00000007eaab0000)
  object space 131968K, 34% used [0x00000007c0000000,0x00000007c2cd8f30,0x00000007c80e0000)
 PSPermGen       total 53376K, used 51871K [0x00000007bae00000, 0x00000007be220000, 0x00000007c0000000)
  object space 53376K, 97% used [0x00000007bae00000,0x00000007be0a7fa8,0x00000007be220000)
}
Event: 1724.293 GC heap before
{Heap before GC invocations=67 (full 28):
 PSYoungGen      total 300416K, used 141406K [0x00000007eaab0000, 0x00000007fd9e0000, 0x0000000800000000)
  eden space 291648K, 48% used [0x00000007eaab0000,0x00000007f34c7870,0x00000007fc780000)
  from space 8768K, 0% used [0x00000007fd150000,0x00000007fd150000,0x00000007fd9e0000)
  to   space 9408K, 0% used [0x00000007fc780000,0x00000007fc780000,0x00000007fd0b0000)
 ParOldGen       total 131968K, used 45923K [0x00000007c0000000, 0x00000007c80e0000, 0x00000007eaab0000)
  object space 131968K, 34% used [0x00000007c0000000,0x00000007c2cd8f30,0x00000007c80e0000)
 PSPermGen       total 53376K, used 51919K [0x00000007bae00000, 0x00000007be220000, 0x00000007c0000000)
  object space 53376K, 97% used [0x00000007bae00000,0x00000007be0b3f38,0x00000007be220000)
Event: 1724.297 GC heap after
Heap after GC invocations=67 (full 28):
 PSYoungGen      total 294208K, used 2497K [0x00000007eaab0000, 0x00000007fd920000, 0x0000000800000000)
  eden space 291648K, 0% used [0x00000007eaab0000,0x00000007eaab0000,0x00000007fc780000)
  from space 2560K, 97% used [0x00000007fc780000,0x00000007fc9f04d0,0x00000007fca00000)
  to   space 9024K, 0% used [0x00000007fd050000,0x00000007fd050000,0x00000007fd920000)
 ParOldGen       total 131968K, used 45923K [0x00000007c0000000, 0x00000007c80e0000, 0x00000007eaab0000)
  object space 131968K, 34% used [0x00000007c0000000,0x00000007c2cd8f30,0x00000007c80e0000)
 PSPermGen       total 53376K, used 51919K [0x00000007bae00000, 0x00000007be220000, 0x00000007c0000000)
  object space 53376K, 97% used [0x00000007bae00000,0x00000007be0b3f38,0x00000007be220000)
}
Event: 1724.297 GC heap before
{Heap before GC invocations=68 (full 29):
 PSYoungGen      total 294208K, used 2497K [0x00000007eaab0000, 0x00000007fd920000, 0x0000000800000000)
  eden space 291648K, 0% used [0x00000007eaab0000,0x00000007eaab0000,0x00000007fc780000)
  from space 2560K, 97% used [0x00000007fc780000,0x00000007fc9f04d0,0x00000007fca00000)
  to   space 9024K, 0% used [0x00000007fd050000,0x00000007fd050000,0x00000007fd920000)
 ParOldGen       total 131968K, used 45923K [0x00000007c0000000, 0x00000007c80e0000, 0x00000007eaab0000)
  object space 131968K, 34% used [0x00000007c0000000,0x00000007c2cd8f30,0x00000007c80e0000)
 PSPermGen       total 53376K, used 51919K [0x00000007bae00000, 0x00000007be220000, 0x00000007c0000000)
  object space 53376K, 97% used [0x00000007bae00000,0x00000007be0b3f38,0x00000007be220000)
Event: 1724.415 GC heap after
Heap after GC invocations=68 (full 29):
 PSYoungGen      total 294208K, used 0K [0x00000007eaab0000, 0x00000007fd920000, 0x0000000800000000)
  eden space 291648K, 0% used [0x00000007eaab0000,0x00000007eaab0000,0x00000007fc780000)
  from space 2560K, 0% used [0x00000007fc780000,0x00000007fc780000,0x00000007fca00000)
  to   space 9024K, 0% used [0x00000007fd050000,0x00000007fd050000,0x00000007fd920000)
 ParOldGen       total 131968K, used 46076K [0x00000007c0000000, 0x00000007c80e0000, 0x00000007eaab0000)
  object space 131968K, 34% used [0x00000007c0000000,0x00000007c2cff360,0x00000007c80e0000)
 PSPermGen       total 53184K, used 51918K [0x00000007bae00000, 0x00000007be1f0000, 0x00000007c0000000)
  object space 53184K, 97% used [0x00000007bae00000,0x00000007be0b3a98,0x00000007be1f0000)
}

