# JRE version: 7.0_25-b15
# Java VM: Java HotSpot(TM) 64-Bit Server VM (23.25-b01 mixed mode bsd-amd64 compressed oops)
Heap
 PSYoungGen      total 295616K, used 73355K [0x00000007eaab0000, 0x00000007fd100000, 0x0000000800000000)
  eden space 290624K, 25% used [0x00000007eaab0000,0x00000007ef252e58,0x00000007fc680000)
  from space 4992K, 0% used [0x00000007fcc20000,0x00000007fcc20000,0x00000007fd100000)
  to   space 5376K, 0% used [0x00000007fc680000,0x00000007fc680000,0x00000007fcbc0000)
 ParOldGen       total 130880K, used 46309K [0x00000007c0000000, 0x00000007c7fd0000, 0x00000007eaab0000)
  object space 130880K, 35% used [0x00000007c0000000,0x00000007c2d39528,0x00000007c7fd0000)
 PSPermGen       total 52544K, used 51279K [0x00000007bae00000, 0x00000007be150000, 0x00000007c0000000)
  object space 52544K, 97% used [0x00000007bae00000,0x00000007be013ff0,0x00000007be150000)
GC Heap History (10 events):
Event: 2362.835 GC heap before
{Heap before GC invocations=78 (full 34):
 PSYoungGen      total 296320K, used 1205K [0x00000007eaab0000, 0x00000007fd280000, 0x0000000800000000)
  eden space 290624K, 0% used [0x00000007eaab0000,0x00000007eaab0000,0x00000007fc680000)
  from space 5696K, 21% used [0x00000007fccf0000,0x00000007fce1d7b8,0x00000007fd280000)
  to   space 6144K, 0% used [0x00000007fc680000,0x00000007fc680000,0x00000007fcc80000)
 ParOldGen       total 130880K, used 45052K [0x00000007c0000000, 0x00000007c7fd0000, 0x00000007eaab0000)
  object space 130880K, 34% used [0x00000007c0000000,0x00000007c2bff068,0x00000007c7fd0000)
 PSPermGen       total 52032K, used 51210K [0x00000007bae00000, 0x00000007be0d0000, 0x00000007c0000000)
  object space 52032K, 98% used [0x00000007bae00000,0x00000007be002ac8,0x00000007be0d0000)
Event: 2362.990 GC heap after
Heap after GC invocations=78 (full 34):
 PSYoungGen      total 296320K, used 0K [0x00000007eaab0000, 0x00000007fd280000, 0x0000000800000000)
  eden space 290624K, 0% used [0x00000007eaab0000,0x00000007eaab0000,0x00000007fc680000)
  from space 5696K, 0% used [0x00000007fccf0000,0x00000007fccf0000,0x00000007fd280000)
  to   space 6144K, 0% used [0x00000007fc680000,0x00000007fc680000,0x00000007fcc80000)
 ParOldGen       total 130880K, used 45824K [0x00000007c0000000, 0x00000007c7fd0000, 0x00000007eaab0000)
  object space 130880K, 35% used [0x00000007c0000000,0x00000007c2cc0188,0x00000007c7fd0000)
 PSPermGen       total 52608K, used 51209K [0x00000007bae00000, 0x00000007be160000, 0x00000007c0000000)
  object space 52608K, 97% used [0x00000007bae00000,0x00000007be002628,0x00000007be160000)
}
Event: 2438.232 GC heap before
{Heap before GC invocations=79 (full 34):
 PSYoungGen      total 296320K, used 65264K [0x00000007eaab0000, 0x00000007fd280000, 0x0000000800000000)
  eden space 290624K, 22% used [0x00000007eaab0000,0x00000007eea6c160,0x00000007fc680000)
  from space 5696K, 0% used [0x00000007fccf0000,0x00000007fccf0000,0x00000007fd280000)
  to   space 6144K, 0% used [0x00000007fc680000,0x00000007fc680000,0x00000007fcc80000)
 ParOldGen       total 130880K, used 45824K [0x00000007c0000000, 0x00000007c7fd0000, 0x00000007eaab0000)
  object space 130880K, 35% used [0x00000007c0000000,0x00000007c2cc0188,0x00000007c7fd0000)
 PSPermGen       total 52608K, used 51239K [0x00000007bae00000, 0x00000007be160000, 0x00000007c0000000)
  object space 52608K, 97% used [0x00000007bae00000,0x00000007be009fe0,0x00000007be160000)
Event: 2438.234 GC heap after
Heap after GC invocations=79 (full 34):
 PSYoungGen      total 291008K, used 344K [0x00000007eaab0000, 0x00000007fd1c0000, 0x0000000800000000)
  eden space 290624K, 0% used [0x00000007eaab0000,0x00000007eaab0000,0x00000007fc680000)
  from space 384K, 89% used [0x00000007fc680000,0x00000007fc6d6230,0x00000007fc6e0000)
  to   space 5760K, 0% used [0x00000007fcc20000,0x00000007fcc20000,0x00000007fd1c0000)
 ParOldGen       total 130880K, used 45824K [0x00000007c0000000, 0x00000007c7fd0000, 0x00000007eaab0000)
  object space 130880K, 35% used [0x00000007c0000000,0x00000007c2cc0188,0x00000007c7fd0000)
 PSPermGen       total 52608K, used 51239K [0x00000007bae00000, 0x00000007be160000, 0x00000007c0000000)
  object space 52608K, 97% used [0x00000007bae00000,0x00000007be009fe0,0x00000007be160000)
}
Event: 2438.234 GC heap before
{Heap before GC invocations=80 (full 35):
 PSYoungGen      total 291008K, used 344K [0x00000007eaab0000, 0x00000007fd1c0000, 0x0000000800000000)
  eden space 290624K, 0% used [0x00000007eaab0000,0x00000007eaab0000,0x00000007fc680000)
  from space 384K, 89% used [0x00000007fc680000,0x00000007fc6d6230,0x00000007fc6e0000)
  to   space 5760K, 0% used [0x00000007fcc20000,0x00000007fcc20000,0x00000007fd1c0000)
 ParOldGen       total 130880K, used 45824K [0x00000007c0000000, 0x00000007c7fd0000, 0x00000007eaab0000)
  object space 130880K, 35% used [0x00000007c0000000,0x00000007c2cc0188,0x00000007c7fd0000)
 PSPermGen       total 52608K, used 51239K [0x00000007bae00000, 0x00000007be160000, 0x00000007c0000000)
  object space 52608K, 97% used [0x00000007bae00000,0x00000007be009fe0,0x00000007be160000)
Event: 2438.375 GC heap after
Heap after GC invocations=80 (full 35):
 PSYoungGen      total 291008K, used 0K [0x00000007eaab0000, 0x00000007fd1c0000, 0x0000000800000000)
  eden space 290624K, 0% used [0x00000007eaab0000,0x00000007eaab0000,0x00000007fc680000)
  from space 384K, 0% used [0x00000007fc680000,0x00000007fc680000,0x00000007fc6e0000)
  to   space 5760K, 0% used [0x00000007fcc20000,0x00000007fcc20000,0x00000007fd1c0000)
 ParOldGen       total 130880K, used 45515K [0x00000007c0000000, 0x00000007c7fd0000, 0x00000007eaab0000)
  object space 130880K, 34% used [0x00000007c0000000,0x00000007c2c72d70,0x00000007c7fd0000)
 PSPermGen       total 52544K, used 51238K [0x00000007bae00000, 0x00000007be150000, 0x00000007c0000000)
  object space 52544K, 97% used [0x00000007bae00000,0x00000007be009980,0x00000007be150000)
}
Event: 2498.231 GC heap before
{Heap before GC invocations=81 (full 35):
 PSYoungGen      total 291008K, used 55153K [0x00000007eaab0000, 0x00000007fd1c0000, 0x0000000800000000)
  eden space 290624K, 18% used [0x00000007eaab0000,0x00000007ee08c728,0x00000007fc680000)
  from space 384K, 0% used [0x00000007fc680000,0x00000007fc680000,0x00000007fc6e0000)
  to   space 5760K, 0% used [0x00000007fcc20000,0x00000007fcc20000,0x00000007fd1c0000)
 ParOldGen       total 130880K, used 45515K [0x00000007c0000000, 0x00000007c7fd0000, 0x00000007eaab0000)
  object space 130880K, 34% used [0x00000007c0000000,0x00000007c2c72d70,0x00000007c7fd0000)
 PSPermGen       total 52544K, used 51268K [0x00000007bae00000, 0x00000007be150000, 0x00000007c0000000)
  object space 52544K, 97% used [0x00000007bae00000,0x00000007be011160,0x00000007be150000)
Event: 2498.234 GC heap after
Heap after GC invocations=81 (full 35):
 PSYoungGen      total 295616K, used 1117K [0x00000007eaab0000, 0x00000007fd100000, 0x0000000800000000)
  eden space 290624K, 0% used [0x00000007eaab0000,0x00000007eaab0000,0x00000007fc680000)
  from space 4992K, 22% used [0x00000007fcc20000,0x00000007fcd37580,0x00000007fd100000)
  to   space 5376K, 0% used [0x00000007fc680000,0x00000007fc680000,0x00000007fcbc0000)
 ParOldGen       total 130880K, used 45515K [0x00000007c0000000, 0x00000007c7fd0000, 0x00000007eaab0000)
  object space 130880K, 34% used [0x00000007c0000000,0x00000007c2c72d70,0x00000007c7fd0000)
 PSPermGen       total 52544K, used 51268K [0x00000007bae00000, 0x00000007be150000, 0x00000007c0000000)
  object space 52544K, 97% used [0x00000007bae00000,0x00000007be011160,0x00000007be150000)
}
Event: 2498.234 GC heap before
{Heap before GC invocations=82 (full 36):
 PSYoungGen      total 295616K, used 1117K [0x00000007eaab0000, 0x00000007fd100000, 0x0000000800000000)
  eden space 290624K, 0% used [0x00000007eaab0000,0x00000007eaab0000,0x00000007fc680000)
  from space 4992K, 22% used [0x00000007fcc20000,0x00000007fcd37580,0x00000007fd100000)
  to   space 5376K, 0% used [0x00000007fc680000,0x00000007fc680000,0x00000007fcbc0000)
 ParOldGen       total 130880K, used 45515K [0x00000007c0000000, 0x00000007c7fd0000, 0x00000007eaab0000)
  object space 130880K, 34% used [0x00000007c0000000,0x00000007c2c72d70,0x00000007c7fd0000)
 PSPermGen       total 52544K, used 51268K [0x00000007bae00000, 0x00000007be150000, 0x00000007c0000000)
  object space 52544K, 97% used [0x00000007bae00000,0x00000007be011160,0x00000007be150000)
Event: 2498.392 GC heap after
Heap after GC invocations=82 (full 36):
 PSYoungGen      total 295616K, used 0K [0x00000007eaab0000, 0x00000007fd100000, 0x0000000800000000)
  eden space 290624K, 0% used [0x00000007eaab0000,0x00000007eaab0000,0x00000007fc680000)
  from space 4992K, 0% used [0x00000007fcc20000,0x00000007fcc20000,0x00000007fd100000)
  to   space 5376K, 0% used [0x00000007fc680000,0x00000007fc680000,0x00000007fcbc0000)
 ParOldGen       total 130880K, used 46309K [0x00000007c0000000, 0x00000007c7fd0000, 0x00000007eaab0000)
  object space 130880K, 35% used [0x00000007c0000000,0x00000007c2d39528,0x00000007c7fd0000)
 PSPermGen       total 52544K, used 51267K [0x00000007bae00000, 0x00000007be150000, 0x00000007c0000000)
  object space 52544K, 97% used [0x00000007bae00000,0x00000007be010fc0,0x00000007be150000)
}

