# JRE version: 7.0_25-b15
# Java VM: Java HotSpot(TM) 64-Bit Server VM (23.25-b01 mixed mode bsd-amd64 compressed oops)
Heap
 PSYoungGen      total 331904K, used 66650K [0x00000007eaab0000, 0x00000007ff9b0000, 0x0000000800000000)
  eden space 322176K, 20% used [0x00000007eaab0000,0x00000007eebc6800,0x00000007fe550000)
  from space 9728K, 0% used [0x00000007ff030000,0x00000007ff030000,0x00000007ff9b0000)
  to   space 10432K, 0% used [0x00000007fe550000,0x00000007fe550000,0x00000007fef80000)
 ParOldGen       total 131392K, used 45606K [0x00000007c0000000, 0x00000007c8050000, 0x00000007eaab0000)
  object space 131392K, 34% used [0x00000007c0000000,0x00000007c2c89b40,0x00000007c8050000)
 PSPermGen       total 53440K, used 51706K [0x00000007bae00000, 0x00000007be230000, 0x00000007c0000000)
  object space 53440K, 96% used [0x00000007bae00000,0x00000007be07e850,0x00000007be230000)
GC Heap History (10 events):
Event: 1416.840 GC heap before
{Heap before GC invocations=60 (full 24):
 PSYoungGen      total 333312K, used 224K [0x00000007eaab0000, 0x00000007ffc50000, 0x0000000800000000)
  eden space 322176K, 0% used [0x00000007eaab0000,0x00000007eaab0000,0x00000007fe550000)
  from space 11136K, 2% used [0x00000007ff170000,0x00000007ff1a8000,0x00000007ffc50000)
  to   space 11776K, 0% used [0x00000007fe550000,0x00000007fe550000,0x00000007ff0d0000)
 ParOldGen       total 131392K, used 45541K [0x00000007c0000000, 0x00000007c8050000, 0x00000007eaab0000)
  object space 131392K, 34% used [0x00000007c0000000,0x00000007c2c79440,0x00000007c8050000)
 PSPermGen       total 55168K, used 51665K [0x00000007bae00000, 0x00000007be3e0000, 0x00000007c0000000)
  object space 55168K, 93% used [0x00000007bae00000,0x00000007be074500,0x00000007be3e0000)
Event: 1416.995 GC heap after
Heap after GC invocations=60 (full 24):
 PSYoungGen      total 333312K, used 0K [0x00000007eaab0000, 0x00000007ffc50000, 0x0000000800000000)
  eden space 322176K, 0% used [0x00000007eaab0000,0x00000007eaab0000,0x00000007fe550000)
  from space 11136K, 0% used [0x00000007ff170000,0x00000007ff170000,0x00000007ffc50000)
  to   space 11776K, 0% used [0x00000007fe550000,0x00000007fe550000,0x00000007ff0d0000)
 ParOldGen       total 131392K, used 45535K [0x00000007c0000000, 0x00000007c8050000, 0x00000007eaab0000)
  object space 131392K, 34% used [0x00000007c0000000,0x00000007c2c77f60,0x00000007c8050000)
 PSPermGen       total 54656K, used 51665K [0x00000007bae00000, 0x00000007be360000, 0x00000007c0000000)
  object space 54656K, 94% used [0x00000007bae00000,0x00000007be0744a0,0x00000007be360000)
}
Event: 1476.839 GC heap before
{Heap before GC invocations=61 (full 24):
 PSYoungGen      total 333312K, used 23205K [0x00000007eaab0000, 0x00000007ffc50000, 0x0000000800000000)
  eden space 322176K, 7% used [0x00000007eaab0000,0x00000007ec1597c0,0x00000007fe550000)
  from space 11136K, 0% used [0x00000007ff170000,0x00000007ff170000,0x00000007ffc50000)
  to   space 11776K, 0% used [0x00000007fe550000,0x00000007fe550000,0x00000007ff0d0000)
 ParOldGen       total 131392K, used 45535K [0x00000007c0000000, 0x00000007c8050000, 0x00000007eaab0000)
  object space 131392K, 34% used [0x00000007c0000000,0x00000007c2c77f60,0x00000007c8050000)
 PSPermGen       total 54656K, used 51667K [0x00000007bae00000, 0x00000007be360000, 0x00000007c0000000)
  object space 54656K, 94% used [0x00000007bae00000,0x00000007be074d00,0x00000007be360000)
Event: 1476.841 GC heap after
Heap after GC invocations=61 (full 24):
 PSYoungGen      total 322368K, used 160K [0x00000007eaab0000, 0x00000007ffb10000, 0x0000000800000000)
  eden space 322176K, 0% used [0x00000007eaab0000,0x00000007eaab0000,0x00000007fe550000)
  from space 192K, 83% used [0x00000007fe550000,0x00000007fe578000,0x00000007fe580000)
  to   space 11136K, 0% used [0x00000007ff030000,0x00000007ff030000,0x00000007ffb10000)
 ParOldGen       total 131392K, used 45535K [0x00000007c0000000, 0x00000007c8050000, 0x00000007eaab0000)
  object space 131392K, 34% used [0x00000007c0000000,0x00000007c2c77f60,0x00000007c8050000)
 PSPermGen       total 54656K, used 51667K [0x00000007bae00000, 0x00000007be360000, 0x00000007c0000000)
  object space 54656K, 94% used [0x00000007bae00000,0x00000007be074d00,0x00000007be360000)
}
Event: 1476.841 GC heap before
{Heap before GC invocations=62 (full 25):
 PSYoungGen      total 322368K, used 160K [0x00000007eaab0000, 0x00000007ffb10000, 0x0000000800000000)
  eden space 322176K, 0% used [0x00000007eaab0000,0x00000007eaab0000,0x00000007fe550000)
  from space 192K, 83% used [0x00000007fe550000,0x00000007fe578000,0x00000007fe580000)
  to   space 11136K, 0% used [0x00000007ff030000,0x00000007ff030000,0x00000007ffb10000)
 ParOldGen       total 131392K, used 45535K [0x00000007c0000000, 0x00000007c8050000, 0x00000007eaab0000)
  object space 131392K, 34% used [0x00000007c0000000,0x00000007c2c77f60,0x00000007c8050000)
 PSPermGen       total 54656K, used 51667K [0x00000007bae00000, 0x00000007be360000, 0x00000007c0000000)
  object space 54656K, 94% used [0x00000007bae00000,0x00000007be074d00,0x00000007be360000)
Event: 1476.987 GC heap after
Heap after GC invocations=62 (full 25):
 PSYoungGen      total 322368K, used 0K [0x00000007eaab0000, 0x00000007ffb10000, 0x0000000800000000)
  eden space 322176K, 0% used [0x00000007eaab0000,0x00000007eaab0000,0x00000007fe550000)
  from space 192K, 0% used [0x00000007fe550000,0x00000007fe550000,0x00000007fe580000)
  to   space 11136K, 0% used [0x00000007ff030000,0x00000007ff030000,0x00000007ffb10000)
 ParOldGen       total 131392K, used 45557K [0x00000007c0000000, 0x00000007c8050000, 0x00000007eaab0000)
  object space 131392K, 34% used [0x00000007c0000000,0x00000007c2c7d568,0x00000007c8050000)
 PSPermGen       total 54016K, used 51667K [0x00000007bae00000, 0x00000007be2c0000, 0x00000007c0000000)
  object space 54016K, 95% used [0x00000007bae00000,0x00000007be074ce0,0x00000007be2c0000)
}
Event: 1550.406 GC heap before
{Heap before GC invocations=63 (full 25):
 PSYoungGen      total 322368K, used 153726K [0x00000007eaab0000, 0x00000007ffb10000, 0x0000000800000000)
  eden space 322176K, 47% used [0x00000007eaab0000,0x00000007f40cfb70,0x00000007fe550000)
  from space 192K, 0% used [0x00000007fe550000,0x00000007fe550000,0x00000007fe580000)
  to   space 11136K, 0% used [0x00000007ff030000,0x00000007ff030000,0x00000007ffb10000)
 ParOldGen       total 131392K, used 45557K [0x00000007c0000000, 0x00000007c8050000, 0x00000007eaab0000)
  object space 131392K, 34% used [0x00000007c0000000,0x00000007c2c7d568,0x00000007c8050000)
 PSPermGen       total 54016K, used 51699K [0x00000007bae00000, 0x00000007be2c0000, 0x00000007c0000000)
  object space 54016K, 95% used [0x00000007bae00000,0x00000007be07cf80,0x00000007be2c0000)
Event: 1550.410 GC heap after
Heap after GC invocations=63 (full 25):
 PSYoungGen      total 331904K, used 2534K [0x00000007eaab0000, 0x00000007ff9b0000, 0x0000000800000000)
  eden space 322176K, 0% used [0x00000007eaab0000,0x00000007eaab0000,0x00000007fe550000)
  from space 9728K, 26% used [0x00000007ff030000,0x00000007ff2a9980,0x00000007ff9b0000)
  to   space 10432K, 0% used [0x00000007fe550000,0x00000007fe550000,0x00000007fef80000)
 ParOldGen       total 131392K, used 45557K [0x00000007c0000000, 0x00000007c8050000, 0x00000007eaab0000)
  object space 131392K, 34% used [0x00000007c0000000,0x00000007c2c7d568,0x00000007c8050000)
 PSPermGen       total 54016K, used 51699K [0x00000007bae00000, 0x00000007be2c0000, 0x00000007c0000000)
  object space 54016K, 95% used [0x00000007bae00000,0x00000007be07cf80,0x00000007be2c0000)
}
Event: 1550.410 GC heap before
{Heap before GC invocations=64 (full 26):
 PSYoungGen      total 331904K, used 2534K [0x00000007eaab0000, 0x00000007ff9b0000, 0x0000000800000000)
  eden space 322176K, 0% used [0x00000007eaab0000,0x00000007eaab0000,0x00000007fe550000)
  from space 9728K, 26% used [0x00000007ff030000,0x00000007ff2a9980,0x00000007ff9b0000)
  to   space 10432K, 0% used [0x00000007fe550000,0x00000007fe550000,0x00000007fef80000)
 ParOldGen       total 131392K, used 45557K [0x00000007c0000000, 0x00000007c8050000, 0x00000007eaab0000)
  object space 131392K, 34% used [0x00000007c0000000,0x00000007c2c7d568,0x00000007c8050000)
 PSPermGen       total 54016K, used 51699K [0x00000007bae00000, 0x00000007be2c0000, 0x00000007c0000000)
  object space 54016K, 95% used [0x00000007bae00000,0x00000007be07cf80,0x00000007be2c0000)
Event: 1550.565 GC heap after
Heap after GC invocations=64 (full 26):
 PSYoungGen      total 331904K, used 0K [0x00000007eaab0000, 0x00000007ff9b0000, 0x0000000800000000)
  eden space 322176K, 0% used [0x00000007eaab0000,0x00000007eaab0000,0x00000007fe550000)
  from space 9728K, 0% used [0x00000007ff030000,0x00000007ff030000,0x00000007ff9b0000)
  to   space 10432K, 0% used [0x00000007fe550000,0x00000007fe550000,0x00000007fef80000)
 ParOldGen       total 131392K, used 45606K [0x00000007c0000000, 0x00000007c8050000, 0x00000007eaab0000)
  object space 131392K, 34% used [0x00000007c0000000,0x00000007c2c89b40,0x00000007c8050000)
 PSPermGen       total 53440K, used 51699K [0x00000007bae00000, 0x00000007be230000, 0x00000007c0000000)
  object space 53440K, 96% used [0x00000007bae00000,0x00000007be07ce20,0x00000007be230000)
}

