# JRE version: 7.0_25-b15
# Java VM: Java HotSpot(TM) 64-Bit Server VM (23.25-b01 mixed mode bsd-amd64 compressed oops)
Heap
 PSYoungGen      total 321280K, used 61430K [0x00000007eaab0000, 0x0000000800000000, 0x0000000800000000)
  eden space 292224K, 21% used [0x00000007eaab0000,0x00000007ee6ad8a0,0x00000007fc810000)
  from space 29056K, 0% used [0x00000007fe3a0000,0x00000007fe3a0000,0x0000000800000000)
  to   space 28224K, 0% used [0x00000007fc810000,0x00000007fc810000,0x00000007fe3a0000)
 ParOldGen       total 119040K, used 51396K [0x00000007c0000000, 0x00000007c7440000, 0x00000007eaab0000)
  object space 119040K, 43% used [0x00000007c0000000,0x00000007c3231260,0x00000007c7440000)
 PSPermGen       total 78528K, used 46883K [0x00000007bae00000, 0x00000007bfab0000, 0x00000007c0000000)
  object space 78528K, 59% used [0x00000007bae00000,0x00000007bdbc8db0,0x00000007bfab0000)
GC Heap History (10 events):
Event: 393.679 GC heap before
{Heap before GC invocations=22 (full 6):
 PSYoungGen      total 319872K, used 64K [0x00000007eaab0000, 0x0000000800000000, 0x0000000800000000)
  eden space 289920K, 0% used [0x00000007eaab0000,0x00000007eaab0000,0x00000007fc5d0000)
  from space 29952K, 0% used [0x00000007fe2c0000,0x00000007fe2d0000,0x0000000800000000)
  to   space 29632K, 0% used [0x00000007fc5d0000,0x00000007fc5d0000,0x00000007fe2c0000)
 ParOldGen       total 119040K, used 51364K [0x00000007c0000000, 0x00000007c7440000, 0x00000007eaab0000)
  object space 119040K, 43% used [0x00000007c0000000,0x00000007c32293d0,0x00000007c7440000)
 PSPermGen       total 83968K, used 46752K [0x00000007bae00000, 0x00000007c0000000, 0x00000007c0000000)
  object space 83968K, 55% used [0x00000007bae00000,0x00000007bdba8108,0x00000007c0000000)
Event: 393.845 GC heap after
Heap after GC invocations=22 (full 6):
 PSYoungGen      total 319872K, used 0K [0x00000007eaab0000, 0x0000000800000000, 0x0000000800000000)
  eden space 289920K, 0% used [0x00000007eaab0000,0x00000007eaab0000,0x00000007fc5d0000)
  from space 29952K, 0% used [0x00000007fe2c0000,0x00000007fe2c0000,0x0000000800000000)
  to   space 29632K, 0% used [0x00000007fc5d0000,0x00000007fc5d0000,0x00000007fe2c0000)
 ParOldGen       total 119040K, used 51285K [0x00000007c0000000, 0x00000007c7440000, 0x00000007eaab0000)
  object space 119040K, 43% used [0x00000007c0000000,0x00000007c3215418,0x00000007c7440000)
 PSPermGen       total 83968K, used 46752K [0x00000007bae00000, 0x00000007c0000000, 0x00000007c0000000)
  object space 83968K, 55% used [0x00000007bae00000,0x00000007bdba80e8,0x00000007c0000000)
}
Event: 453.677 GC heap before
{Heap before GC invocations=23 (full 6):
 PSYoungGen      total 319872K, used 10873K [0x00000007eaab0000, 0x0000000800000000, 0x0000000800000000)
  eden space 289920K, 3% used [0x00000007eaab0000,0x00000007eb54e590,0x00000007fc5d0000)
  from space 29952K, 0% used [0x00000007fe2c0000,0x00000007fe2c0000,0x0000000800000000)
  to   space 29632K, 0% used [0x00000007fc5d0000,0x00000007fc5d0000,0x00000007fe2c0000)
 ParOldGen       total 119040K, used 51285K [0x00000007c0000000, 0x00000007c7440000, 0x00000007eaab0000)
  object space 119040K, 43% used [0x00000007c0000000,0x00000007c3215418,0x00000007c7440000)
 PSPermGen       total 83968K, used 46752K [0x00000007bae00000, 0x00000007c0000000, 0x00000007c0000000)
  object space 83968K, 55% used [0x00000007bae00000,0x00000007bdba80e8,0x00000007c0000000)
Event: 453.680 GC heap after
Heap after GC invocations=23 (full 6):
 PSYoungGen      total 319552K, used 64K [0x00000007eaab0000, 0x0000000800000000, 0x0000000800000000)
  eden space 289920K, 0% used [0x00000007eaab0000,0x00000007eaab0000,0x00000007fc5d0000)
  from space 29632K, 0% used [0x00000007fc5d0000,0x00000007fc5e0000,0x00000007fe2c0000)
  to   space 29056K, 0% used [0x00000007fe3a0000,0x00000007fe3a0000,0x0000000800000000)
 ParOldGen       total 119040K, used 51285K [0x00000007c0000000, 0x00000007c7440000, 0x00000007eaab0000)
  object space 119040K, 43% used [0x00000007c0000000,0x00000007c3215418,0x00000007c7440000)
 PSPermGen       total 83968K, used 46752K [0x00000007bae00000, 0x00000007c0000000, 0x00000007c0000000)
  object space 83968K, 55% used [0x00000007bae00000,0x00000007bdba80e8,0x00000007c0000000)
}
Event: 453.680 GC heap before
{Heap before GC invocations=24 (full 7):
 PSYoungGen      total 319552K, used 64K [0x00000007eaab0000, 0x0000000800000000, 0x0000000800000000)
  eden space 289920K, 0% used [0x00000007eaab0000,0x00000007eaab0000,0x00000007fc5d0000)
  from space 29632K, 0% used [0x00000007fc5d0000,0x00000007fc5e0000,0x00000007fe2c0000)
  to   space 29056K, 0% used [0x00000007fe3a0000,0x00000007fe3a0000,0x0000000800000000)
 ParOldGen       total 119040K, used 51285K [0x00000007c0000000, 0x00000007c7440000, 0x00000007eaab0000)
  object space 119040K, 43% used [0x00000007c0000000,0x00000007c3215418,0x00000007c7440000)
 PSPermGen       total 83968K, used 46752K [0x00000007bae00000, 0x00000007c0000000, 0x00000007c0000000)
  object space 83968K, 55% used [0x00000007bae00000,0x00000007bdba80e8,0x00000007c0000000)
Event: 453.801 GC heap after
Heap after GC invocations=24 (full 7):
 PSYoungGen      total 319552K, used 0K [0x00000007eaab0000, 0x0000000800000000, 0x0000000800000000)
  eden space 289920K, 0% used [0x00000007eaab0000,0x00000007eaab0000,0x00000007fc5d0000)
  from space 29632K, 0% used [0x00000007fc5d0000,0x00000007fc5d0000,0x00000007fe2c0000)
  to   space 29056K, 0% used [0x00000007fe3a0000,0x00000007fe3a0000,0x0000000800000000)
 ParOldGen       total 119040K, used 51285K [0x00000007c0000000, 0x00000007c7440000, 0x00000007eaab0000)
  object space 119040K, 43% used [0x00000007c0000000,0x00000007c3215418,0x00000007c7440000)
 PSPermGen       total 83264K, used 46752K [0x00000007bae00000, 0x00000007bff50000, 0x00000007c0000000)
  object space 83264K, 56% used [0x00000007bae00000,0x00000007bdba80e8,0x00000007bff50000)
}
Event: 525.425 GC heap before
{Heap before GC invocations=25 (full 7):
 PSYoungGen      total 319552K, used 30426K [0x00000007eaab0000, 0x0000000800000000, 0x0000000800000000)
  eden space 289920K, 10% used [0x00000007eaab0000,0x00000007ec866b18,0x00000007fc5d0000)
  from space 29632K, 0% used [0x00000007fc5d0000,0x00000007fc5d0000,0x00000007fe2c0000)
  to   space 29056K, 0% used [0x00000007fe3a0000,0x00000007fe3a0000,0x0000000800000000)
 ParOldGen       total 119040K, used 51285K [0x00000007c0000000, 0x00000007c7440000, 0x00000007eaab0000)
  object space 119040K, 43% used [0x00000007c0000000,0x00000007c3215418,0x00000007c7440000)
 PSPermGen       total 83264K, used 46801K [0x00000007bae00000, 0x00000007bff50000, 0x00000007c0000000)
  object space 83264K, 56% used [0x00000007bae00000,0x00000007bdbb4798,0x00000007bff50000)
Event: 525.428 GC heap after
Heap after GC invocations=25 (full 7):
 PSYoungGen      total 321280K, used 416K [0x00000007eaab0000, 0x0000000800000000, 0x0000000800000000)
  eden space 292224K, 0% used [0x00000007eaab0000,0x00000007eaab0000,0x00000007fc810000)
  from space 29056K, 1% used [0x00000007fe3a0000,0x00000007fe408000,0x0000000800000000)
  to   space 28224K, 0% used [0x00000007fc810000,0x00000007fc810000,0x00000007fe3a0000)
 ParOldGen       total 119040K, used 51285K [0x00000007c0000000, 0x00000007c7440000, 0x00000007eaab0000)
  object space 119040K, 43% used [0x00000007c0000000,0x00000007c3215418,0x00000007c7440000)
 PSPermGen       total 83264K, used 46801K [0x00000007bae00000, 0x00000007bff50000, 0x00000007c0000000)
  object space 83264K, 56% used [0x00000007bae00000,0x00000007bdbb4798,0x00000007bff50000)
}
Event: 525.428 GC heap before
{Heap before GC invocations=26 (full 8):
 PSYoungGen      total 321280K, used 416K [0x00000007eaab0000, 0x0000000800000000, 0x0000000800000000)
  eden space 292224K, 0% used [0x00000007eaab0000,0x00000007eaab0000,0x00000007fc810000)
  from space 29056K, 1% used [0x00000007fe3a0000,0x00000007fe408000,0x0000000800000000)
  to   space 28224K, 0% used [0x00000007fc810000,0x00000007fc810000,0x00000007fe3a0000)
 ParOldGen       total 119040K, used 51285K [0x00000007c0000000, 0x00000007c7440000, 0x00000007eaab0000)
  object space 119040K, 43% used [0x00000007c0000000,0x00000007c3215418,0x00000007c7440000)
 PSPermGen       total 83264K, used 46801K [0x00000007bae00000, 0x00000007bff50000, 0x00000007c0000000)
  object space 83264K, 56% used [0x00000007bae00000,0x00000007bdbb4798,0x00000007bff50000)
Event: 525.575 GC heap after
Heap after GC invocations=26 (full 8):
 PSYoungGen      total 321280K, used 0K [0x00000007eaab0000, 0x0000000800000000, 0x0000000800000000)
  eden space 292224K, 0% used [0x00000007eaab0000,0x00000007eaab0000,0x00000007fc810000)
  from space 29056K, 0% used [0x00000007fe3a0000,0x00000007fe3a0000,0x0000000800000000)
  to   space 28224K, 0% used [0x00000007fc810000,0x00000007fc810000,0x00000007fe3a0000)
 ParOldGen       total 119040K, used 51396K [0x00000007c0000000, 0x00000007c7440000, 0x00000007eaab0000)
  object space 119040K, 43% used [0x00000007c0000000,0x00000007c3231260,0x00000007c7440000)
 PSPermGen       total 78528K, used 46801K [0x00000007bae00000, 0x00000007bfab0000, 0x00000007c0000000)
  object space 78528K, 59% used [0x00000007bae00000,0x00000007bdbb45d0,0x00000007bfab0000)
}

